{"/Users/andela/Documents/documentos/server/models/index.js":{"path":"/Users/andela/Documents/documentos/server/models/index.js","s":{"1":1,"2":1,"3":1,"4":1,"5":1,"6":1,"7":1,"8":5,"9":4,"10":4,"11":1,"12":4,"13":3,"14":1,"15":1,"16":1},"b":{"1":[5,5],"2":[3,1]},"f":{"1":5,"2":4,"3":4},"fnMap":{"1":{"name":"(anonymous_1)","line":15,"loc":{"start":{"line":15,"column":10},"end":{"line":null,"column":null}}},"2":{"name":"(anonymous_2)","line":16,"loc":{"start":{"line":16,"column":11},"end":{"line":16,"column":21}}},"3":{"name":"(anonymous_3)","line":21,"loc":{"start":{"line":21,"column":24},"end":{"line":21,"column":39}}}},"statementMap":{"1":{"start":{"line":1,"column":0},"end":{"line":null,"column":null}},"2":{"start":{"line":2,"column":0},"end":{"line":null,"column":null}},"3":{"start":{"line":3,"column":0},"end":{"line":null,"column":null}},"4":{"start":{"line":4,"column":0},"end":{"line":null,"column":null}},"5":{"start":{"line":7,"column":0},"end":{"line":null,"column":null}},"6":{"start":{"line":11,"column":0},"end":{"line":null,"column":null}},"7":{"start":{"line":13,"column":0},"end":{"line":null,"column":null}},"8":{"start":{"line":15,"column":19},"end":{"line":null,"column":null}},"9":{"start":{"line":17,"column":10},"end":{"line":null,"column":null}},"10":{"start":{"line":18,"column":7},"end":{"line":null,"column":null}},"11":{"start":{"line":21,"column":0},"end":{"line":null,"column":null}},"12":{"start":{"line":22,"column":6},"end":{"line":null,"column":null}},"13":{"start":{"line":23,"column":7},"end":{"line":null,"column":null}},"14":{"start":{"line":27,"column":0},"end":{"line":null,"column":null}},"15":{"start":{"line":28,"column":0},"end":{"line":null,"column":null}},"16":{"start":{"line":30,"column":0},"end":{"line":null,"column":null}}},"branchMap":{"1":{"line":15,"type":"binary-expr","locations":[{"start":{"line":15,"column":19},"end":{"line":15,"column":18}},{"start":{"line":15,"column":48},"end":{"line":15,"column":10}}]},"2":{"line":22,"type":"if","locations":[{"start":{"line":22,"column":6},"end":{"line":22,"column":6}},{"start":{"line":22,"column":6},"end":{"line":22,"column":6}}]}}},"/Users/andela/Documents/documentos/server/config/config.js":{"path":"/Users/andela/Documents/documentos/server/config/config.js","s":{"1":1,"2":1,"3":1},"b":{"1":[1,1]},"f":{},"fnMap":{},"statementMap":{"1":{"start":{"line":1,"column":0},"end":{"line":null,"column":null}},"2":{"start":{"line":3,"column":0},"end":{"line":null,"column":null}},"3":{"start":{"line":27,"column":0},"end":{"line":null,"column":null}}},"branchMap":{"1":{"line":27,"type":"binary-expr","locations":[{"start":{"line":27,"column":22},"end":{"line":27,"column":22}},{"start":{"line":27,"column":46},"end":{"line":27,"column":17}}]}}},"/Users/andela/Documents/documentos/server/models/documents.models.js":{"path":"/Users/andela/Documents/documentos/server/models/documents.models.js","s":{"1":1,"2":1,"3":0,"4":1},"b":{},"f":{"1":1,"2":0},"fnMap":{"1":{"name":"(anonymous_1)","line":1,"loc":{"start":{"line":1,"column":17},"end":{"line":1,"column":43}}},"2":{"name":"associate","line":18,"loc":{"start":{"line":18,"column":17},"end":{"line":18,"column":29}}}},"statementMap":{"1":{"start":{"line":1,"column":0},"end":{"line":null,"column":null}},"2":{"start":{"line":2,"column":8},"end":{"line":null,"column":null}},"3":{"start":{"line":19,"column":17},"end":{"line":null,"column":null}},"4":{"start":{"line":27,"column":9},"end":{"line":null,"column":null}}},"branchMap":{}},"/Users/andela/Documents/documentos/server/models/priviledge.models.js":{"path":"/Users/andela/Documents/documentos/server/models/priviledge.models.js","s":{"1":1,"2":1,"3":1,"4":1},"b":{},"f":{"1":1,"2":1},"fnMap":{"1":{"name":"(anonymous_1)","line":3,"loc":{"start":{"line":3,"column":17},"end":{"line":3,"column":48}}},"2":{"name":"associate","line":12,"loc":{"start":{"line":12,"column":17},"end":{"line":12,"column":29}}}},"statementMap":{"1":{"start":{"line":3,"column":0},"end":{"line":null,"column":null}},"2":{"start":{"line":4,"column":8},"end":{"line":null,"column":null}},"3":{"start":{"line":14,"column":19},"end":{"line":null,"column":null}},"4":{"start":{"line":20,"column":9},"end":{"line":null,"column":null}}},"branchMap":{}},"/Users/andela/Documents/documentos/server/models/roles.models.js":{"path":"/Users/andela/Documents/documentos/server/models/roles.models.js","s":{"1":1,"2":1,"3":1,"4":1},"b":{},"f":{"1":1,"2":1},"fnMap":{"1":{"name":"(anonymous_1)","line":1,"loc":{"start":{"line":1,"column":17},"end":{"line":1,"column":43}}},"2":{"name":"associate","line":10,"loc":{"start":{"line":10,"column":17},"end":{"line":10,"column":29}}}},"statementMap":{"1":{"start":{"line":1,"column":0},"end":{"line":null,"column":null}},"2":{"start":{"line":2,"column":8},"end":{"line":null,"column":null}},"3":{"start":{"line":11,"column":13},"end":{"line":null,"column":null}},"4":{"start":{"line":18,"column":9},"end":{"line":null,"column":null}}},"branchMap":{}},"/Users/andela/Documents/documentos/server/models/users.models.js":{"path":"/Users/andela/Documents/documentos/server/models/users.models.js","s":{"1":1,"2":1,"3":1,"4":1,"5":1,"6":11,"7":2,"8":1},"b":{},"f":{"1":1,"2":1,"3":11,"4":2},"fnMap":{"1":{"name":"(anonymous_1)","line":5,"loc":{"start":{"line":5,"column":17},"end":{"line":5,"column":43}}},"2":{"name":"associate","line":29,"loc":{"start":{"line":29,"column":17},"end":{"line":29,"column":29}}},"3":{"name":"beforeCreate","line":40,"loc":{"start":{"line":40,"column":20},"end":{"line":40,"column":30}}},"4":{"name":"beforeUpdate","line":43,"loc":{"start":{"line":43,"column":20},"end":{"line":43,"column":30}}}},"statementMap":{"1":{"start":{"line":3,"column":0},"end":{"line":null,"column":null}},"2":{"start":{"line":5,"column":0},"end":{"line":null,"column":null}},"3":{"start":{"line":6,"column":8},"end":{"line":null,"column":null}},"4":{"start":{"line":30,"column":13},"end":{"line":null,"column":null}},"5":{"start":{"line":34,"column":13},"end":{"line":null,"column":null}},"6":{"start":{"line":41,"column":13},"end":{"line":null,"column":null}},"7":{"start":{"line":44,"column":13},"end":{"line":null,"column":null}},"8":{"start":{"line":48,"column":9},"end":{"line":null,"column":null}}},"branchMap":{}},"/Users/andela/Documents/documentos/server.js":{"path":"/Users/andela/Documents/documentos/server.js","s":{"1":1,"2":1,"3":1,"4":1,"5":1,"6":1,"7":1,"8":1,"9":1,"10":1,"11":1,"12":1,"13":1,"14":1,"15":1,"16":1,"17":1,"18":1,"19":1,"20":1,"21":1,"22":1,"23":1,"24":1,"25":11,"26":1,"27":1,"28":1,"29":1,"30":1,"31":1,"32":1,"33":1,"34":1,"35":1,"36":1,"37":1,"38":1,"39":0,"40":1,"41":0,"42":0,"43":0,"44":0,"45":1},"b":{"1":[6,5],"2":[11,11],"3":[1,1],"4":[0,0]},"f":{"1":11,"2":0,"3":0},"fnMap":{"1":{"name":"_interopRequireDefault","line":0,"loc":{"start":{"line":0,"column":0},"end":{"line":0,"column":0}},"skip":true},"2":{"name":"(anonymous_2)","line":39,"loc":{"start":{"line":39,"column":14},"end":{"line":39,"column":28}}},"3":{"name":"(anonymous_3)","line":43,"loc":{"start":{"line":43,"column":17},"end":{"line":43,"column":26}}}},"statementMap":{"1":{"start":{"line":0,"column":0},"end":{"line":0,"column":0},"skip":true},"2":{"start":{"line":1,"column":0},"end":{"line":null,"column":null}},"3":{"start":{"line":0,"column":0},"end":{"line":0,"column":0},"skip":true},"4":{"start":{"line":2,"column":0},"end":{"line":null,"column":null}},"5":{"start":{"line":0,"column":0},"end":{"line":0,"column":0},"skip":true},"6":{"start":{"line":3,"column":0},"end":{"line":null,"column":null}},"7":{"start":{"line":0,"column":0},"end":{"line":0,"column":0},"skip":true},"8":{"start":{"line":4,"column":0},"end":{"line":null,"column":null}},"9":{"start":{"line":0,"column":0},"end":{"line":0,"column":0},"skip":true},"10":{"start":{"line":5,"column":0},"end":{"line":null,"column":null}},"11":{"start":{"line":0,"column":0},"end":{"line":0,"column":0},"skip":true},"12":{"start":{"line":6,"column":0},"end":{"line":null,"column":null}},"13":{"start":{"line":0,"column":0},"end":{"line":0,"column":0},"skip":true},"14":{"start":{"line":7,"column":0},"end":{"line":null,"column":null}},"15":{"start":{"line":0,"column":0},"end":{"line":0,"column":0},"skip":true},"16":{"start":{"line":8,"column":0},"end":{"line":null,"column":null}},"17":{"start":{"line":0,"column":0},"end":{"line":0,"column":0},"skip":true},"18":{"start":{"line":9,"column":0},"end":{"line":null,"column":null}},"19":{"start":{"line":0,"column":0},"end":{"line":0,"column":0},"skip":true},"20":{"start":{"line":10,"column":0},"end":{"line":null,"column":null}},"21":{"start":{"line":0,"column":0},"end":{"line":0,"column":0},"skip":true},"22":{"start":{"line":11,"column":0},"end":{"line":null,"column":null}},"23":{"start":{"line":0,"column":0},"end":{"line":0,"column":0},"skip":true},"24":{"start":{"line":0,"column":0},"end":{"line":0,"column":0},"skip":true},"25":{"start":{"line":0,"column":0},"end":{"line":0,"column":0},"skip":true},"26":{"start":{"line":15,"column":0},"end":{"line":null,"column":null}},"27":{"start":{"line":17,"column":0},"end":{"line":null,"column":null}},"28":{"start":{"line":18,"column":0},"end":{"line":null,"column":null}},"29":{"start":{"line":19,"column":0},"end":{"line":null,"column":null}},"30":{"start":{"line":20,"column":0},"end":{"line":null,"column":null}},"31":{"start":{"line":21,"column":0},"end":{"line":null,"column":null}},"32":{"start":{"line":23,"column":0},"end":{"line":null,"column":null}},"33":{"start":{"line":28,"column":0},"end":{"line":null,"column":null}},"34":{"start":{"line":30,"column":0},"end":{"line":null,"column":null}},"35":{"start":{"line":31,"column":0},"end":{"line":null,"column":null}},"36":{"start":{"line":32,"column":0},"end":{"line":null,"column":null}},"37":{"start":{"line":33,"column":0},"end":{"line":null,"column":null}},"38":{"start":{"line":39,"column":0},"end":{"line":null,"column":null}},"39":{"start":{"line":40,"column":6},"end":{"line":null,"column":null}},"40":{"start":{"line":43,"column":0},"end":{"line":null,"column":null}},"41":{"start":{"line":44,"column":6},"end":{"line":null,"column":null}},"42":{"start":{"line":45,"column":12},"end":{"line":null,"column":null}},"43":{"start":{"line":47,"column":12},"end":{"line":null,"column":null}},"44":{"start":{"line":48,"column":29},"end":{"line":null,"column":null}},"45":{"start":{"line":52,"column":15},"end":{"line":null,"column":null}}},"branchMap":{"1":{"line":0,"type":"cond-expr","locations":[{"start":{"line":0,"column":0},"end":{"line":0,"column":0},"skip":true},{"start":{"line":0,"column":0},"end":{"line":0,"column":0},"skip":true}]},"2":{"line":0,"type":"binary-expr","locations":[{"start":{"line":0,"column":0},"end":{"line":0,"column":0},"skip":true},{"start":{"line":0,"column":0},"end":{"line":0,"column":0},"skip":true}]},"3":{"line":18,"type":"binary-expr","locations":[{"start":{"line":18,"column":13},"end":{"line":18,"column":13}},{"start":{"line":18,"column":33},"end":{"line":18,"column":0}}]},"4":{"line":44,"type":"if","locations":[{"start":{"line":44,"column":6},"end":{"line":44,"column":6}},{"start":{"line":44,"column":6},"end":{"line":44,"column":6}}]}}},"/Users/andela/Documents/documentos/webpack.config.dev.js":{"path":"/Users/andela/Documents/documentos/webpack.config.dev.js","s":{"1":1,"2":1,"3":1,"4":1,"5":1,"6":1,"7":2,"8":1},"b":{"1":[0,2],"2":[2,2]},"f":{"1":2},"fnMap":{"1":{"name":"_interopRequireDefault","line":0,"loc":{"start":{"line":0,"column":0},"end":{"line":0,"column":0}},"skip":true}},"statementMap":{"1":{"start":{"line":0,"column":0},"end":{"line":0,"column":0},"skip":true},"2":{"start":{"line":1,"column":0},"end":{"line":null,"column":null}},"3":{"start":{"line":0,"column":0},"end":{"line":0,"column":0},"skip":true},"4":{"start":{"line":2,"column":0},"end":{"line":null,"column":null}},"5":{"start":{"line":0,"column":0},"end":{"line":0,"column":0},"skip":true},"6":{"start":{"line":0,"column":0},"end":{"line":0,"column":0},"skip":true},"7":{"start":{"line":0,"column":0},"end":{"line":0,"column":0},"skip":true},"8":{"start":{"line":4,"column":15},"end":{"line":null,"column":null}}},"branchMap":{"1":{"line":0,"type":"cond-expr","locations":[{"start":{"line":0,"column":0},"end":{"line":0,"column":0},"skip":true},{"start":{"line":0,"column":0},"end":{"line":0,"column":0},"skip":true}]},"2":{"line":0,"type":"binary-expr","locations":[{"start":{"line":0,"column":0},"end":{"line":0,"column":0},"skip":true},{"start":{"line":0,"column":0},"end":{"line":0,"column":0},"skip":true}]}}},"/Users/andela/Documents/documentos/server/routes/index.js":{"path":"/Users/andela/Documents/documentos/server/routes/index.js","s":{"1":1,"2":1,"3":1,"4":0,"5":1},"b":{},"f":{"1":0},"fnMap":{"1":{"name":"(anonymous_1)","line":4,"loc":{"start":{"line":4,"column":7},"end":{"line":4,"column":21}}}},"statementMap":{"1":{"start":{"line":0,"column":0},"end":{"line":0,"column":0},"skip":true},"2":{"start":{"line":1,"column":0},"end":{"line":null,"column":null}},"3":{"start":{"line":3,"column":0},"end":{"line":null,"column":null}},"4":{"start":{"line":5,"column":8},"end":{"line":null,"column":null}},"5":{"start":{"line":11,"column":15},"end":{"line":null,"column":null}}},"branchMap":{}},"/Users/andela/Documents/documentos/server/routes/users.routes.js":{"path":"/Users/andela/Documents/documentos/server/routes/users.routes.js","s":{"1":1,"2":1,"3":1,"4":1,"5":1,"6":1,"7":1,"8":1,"9":1,"10":1,"11":4,"12":1,"13":1,"14":1,"15":0,"16":1,"17":1,"18":1,"19":1,"20":1,"21":1},"b":{"1":[3,1],"2":[4,4]},"f":{"1":4,"2":0},"fnMap":{"1":{"name":"_interopRequireDefault","line":0,"loc":{"start":{"line":0,"column":0},"end":{"line":0,"column":0}},"skip":true},"2":{"name":"(anonymous_2)","line":14,"loc":{"start":{"line":14,"column":8},"end":{"line":14,"column":22}}}},"statementMap":{"1":{"start":{"line":0,"column":0},"end":{"line":0,"column":0},"skip":true},"2":{"start":{"line":1,"column":0},"end":{"line":null,"column":null}},"3":{"start":{"line":0,"column":0},"end":{"line":0,"column":0},"skip":true},"4":{"start":{"line":2,"column":0},"end":{"line":null,"column":null}},"5":{"start":{"line":0,"column":0},"end":{"line":0,"column":0},"skip":true},"6":{"start":{"line":3,"column":0},"end":{"line":null,"column":null}},"7":{"start":{"line":0,"column":0},"end":{"line":0,"column":0},"skip":true},"8":{"start":{"line":4,"column":0},"end":{"line":null,"column":null}},"9":{"start":{"line":0,"column":0},"end":{"line":0,"column":0},"skip":true},"10":{"start":{"line":0,"column":0},"end":{"line":0,"column":0},"skip":true},"11":{"start":{"line":0,"column":0},"end":{"line":0,"column":0},"skip":true},"12":{"start":{"line":6,"column":0},"end":{"line":null,"column":null}},"13":{"start":{"line":8,"column":0},"end":{"line":null,"column":null}},"14":{"start":{"line":13,"column":0},"end":{"line":null,"column":null}},"15":{"start":{"line":15,"column":8},"end":{"line":null,"column":null}},"16":{"start":{"line":18,"column":0},"end":{"line":null,"column":null}},"17":{"start":{"line":23,"column":0},"end":{"line":null,"column":null}},"18":{"start":{"line":26,"column":0},"end":{"line":null,"column":null}},"19":{"start":{"line":29,"column":0},"end":{"line":null,"column":null}},"20":{"start":{"line":32,"column":0},"end":{"line":null,"column":null}},"21":{"start":{"line":35,"column":15},"end":{"line":null,"column":null}}},"branchMap":{"1":{"line":0,"type":"cond-expr","locations":[{"start":{"line":0,"column":0},"end":{"line":0,"column":0},"skip":true},{"start":{"line":0,"column":0},"end":{"line":0,"column":0},"skip":true}]},"2":{"line":0,"type":"binary-expr","locations":[{"start":{"line":0,"column":0},"end":{"line":0,"column":0},"skip":true},{"start":{"line":0,"column":0},"end":{"line":0,"column":0},"skip":true}]}}},"/Users/andela/Documents/documentos/server/controllers/users.controllers.js":{"path":"/Users/andela/Documents/documentos/server/controllers/users.controllers.js","s":{"1":1,"2":1,"3":1,"4":1,"5":10,"6":10,"7":10,"8":10,"9":10,"10":10,"11":1,"12":1,"13":0,"14":1,"15":1,"16":1,"17":1,"18":1,"19":1,"20":1,"21":1,"22":1,"23":1,"24":1,"25":1,"26":4,"27":1,"28":0,"29":0,"30":1,"31":1,"32":1,"33":0,"34":1,"35":1,"36":1,"37":1,"38":0,"39":1,"40":1,"41":0,"42":1,"43":1,"44":1,"45":0,"46":13,"47":1,"48":12,"49":12,"50":1,"51":11,"52":10,"53":10,"54":1,"55":10,"56":10,"57":3,"58":7,"59":1,"60":6,"61":6,"62":2,"63":2,"64":0,"65":2,"66":0,"67":2,"68":2,"69":0,"70":2,"71":0,"72":1,"73":0,"74":1,"75":1,"76":0,"77":1,"78":1,"79":0,"80":1,"81":1,"82":0,"83":0,"84":1,"85":0,"86":1,"87":1,"88":0,"89":1,"90":0,"91":0,"92":0,"93":7,"94":0,"95":7,"96":1,"97":1},"b":{"1":[10,10],"2":[10,0],"3":[0,1],"4":[1,0],"5":[1,3],"6":[4,4],"7":[0,0],"8":[1,1],"9":[0,1],"10":[0,1],"11":[1,12],"12":[1,11],"13":[3,7],"14":[1,6],"15":[0,2],"16":[0,2],"17":[2,0],"18":[2,2],"19":[2,2],"20":[2,2],"21":[0,1],"22":[0,1],"23":[0,1],"24":[1,0],"25":[0,1],"26":[0,1],"27":[0,7],"28":[7,7]},"f":{"1":1,"2":1,"3":1,"4":4,"5":0,"6":1,"7":0,"8":1,"9":1,"10":1,"11":1,"12":1,"13":0,"14":13,"15":12,"16":10,"17":1,"18":10,"19":10,"20":2,"21":2,"22":0,"23":2,"24":2,"25":0,"26":1,"27":1,"28":1,"29":0,"30":1,"31":1,"32":0,"33":0,"34":0,"35":7},"fnMap":{"1":{"name":"(anonymous_1)","line":0,"loc":{"start":{"line":0,"column":0},"end":{"line":0,"column":0}},"skip":true},"2":{"name":"defineProperties","line":0,"loc":{"start":{"line":0,"column":0},"end":{"line":0,"column":0}},"skip":true},"3":{"name":"(anonymous_3)","line":0,"loc":{"start":{"line":0,"column":0},"end":{"line":0,"column":0}},"skip":true},"4":{"name":"_interopRequireDefault","line":0,"loc":{"start":{"line":0,"column":0},"end":{"line":0,"column":0}},"skip":true},"5":{"name":"_classCallCheck","line":0,"loc":{"start":{"line":0,"column":0},"end":{"line":0,"column":0}},"skip":true},"6":{"name":"(anonymous_6)","line":0,"loc":{"start":{"line":0,"column":0},"end":{"line":0,"column":0}},"skip":true},"7":{"name":"UserController","line":0,"loc":{"start":{"line":0,"column":0},"end":{"line":0,"column":0}},"skip":true},"8":{"name":"getAllUsers","line":19,"loc":{"start":{"line":19,"column":21},"end":{"line":19,"column":31}}},"9":{"name":"(anonymous_9)","line":20,"loc":{"start":{"line":20,"column":30},"end":{"line":null,"column":null}}},"10":{"name":"createAdmin","line":33,"loc":{"start":{"line":33,"column":21},"end":{"line":33,"column":31}}},"11":{"name":"(anonymous_11)","line":43,"loc":{"start":{"line":43,"column":12},"end":{"line":43,"column":25}}},"12":{"name":"(anonymous_12)","line":54,"loc":{"start":{"line":54,"column":16},"end":{"line":54,"column":30}}},"13":{"name":"(anonymous_13)","line":62,"loc":{"start":{"line":62,"column":17},"end":{"line":null,"column":null}}},"14":{"name":"createUser","line":74,"loc":{"start":{"line":74,"column":20},"end":{"line":74,"column":30}}},"15":{"name":"(anonymous_15)","line":85,"loc":{"start":{"line":85,"column":12},"end":{"line":85,"column":25}}},"16":{"name":"(anonymous_16)","line":96,"loc":{"start":{"line":96,"column":16},"end":{"line":96,"column":29}}},"17":{"name":"(anonymous_17)","line":105,"loc":{"start":{"line":105,"column":17},"end":{"line":null,"column":null}}},"18":{"name":"signIn","line":117,"loc":{"start":{"line":117,"column":16},"end":{"line":117,"column":26}}},"19":{"name":"(anonymous_19)","line":121,"loc":{"start":{"line":121,"column":12},"end":{"line":121,"column":25}}},"20":{"name":"getUserById","line":151,"loc":{"start":{"line":151,"column":21},"end":{"line":151,"column":31}}},"21":{"name":"(anonymous_21)","line":153,"loc":{"start":{"line":153,"column":12},"end":{"line":153,"column":27}}},"22":{"name":"(anonymous_22)","line":161,"loc":{"start":{"line":161,"column":15},"end":{"line":null,"column":null}}},"23":{"name":"updateUser","line":172,"loc":{"start":{"line":172,"column":20},"end":{"line":172,"column":30}}},"24":{"name":"(anonymous_24)","line":176,"loc":{"start":{"line":176,"column":12},"end":{"line":176,"column":27}}},"25":{"name":"(anonymous_25)","line":190,"loc":{"start":{"line":190,"column":17},"end":{"line":null,"column":null}}},"26":{"name":"updateUserRole","line":203,"loc":{"start":{"line":203,"column":24},"end":{"line":203,"column":34}}},"27":{"name":"(anonymous_27)","line":210,"loc":{"start":{"line":210,"column":12},"end":{"line":210,"column":27}}},"28":{"name":"(anonymous_28)","line":218,"loc":{"start":{"line":218,"column":16},"end":{"line":218,"column":31}}},"29":{"name":"(anonymous_29)","line":231,"loc":{"start":{"line":231,"column":21},"end":{"line":null,"column":null}}},"30":{"name":"deleteUser","line":244,"loc":{"start":{"line":244,"column":20},"end":{"line":244,"column":30}}},"31":{"name":"(anonymous_31)","line":252,"loc":{"start":{"line":252,"column":12},"end":{"line":252,"column":27}}},"32":{"name":"searchForUser","line":271,"loc":{"start":{"line":271,"column":23},"end":{"line":271,"column":33}}},"33":{"name":"(anonymous_33)","line":289,"loc":{"start":{"line":289,"column":12},"end":{"line":null,"column":null}}},"34":{"name":"(anonymous_34)","line":291,"loc":{"start":{"line":291,"column":13},"end":{"line":null,"column":null}}},"35":{"name":"verifyPassword","line":302,"loc":{"start":{"line":302,"column":24},"end":{"line":302,"column":50}}}},"statementMap":{"1":{"start":{"line":0,"column":0},"end":{"line":0,"column":0},"skip":true},"2":{"start":{"line":0,"column":0},"end":{"line":0,"column":0},"skip":true},"3":{"start":{"line":0,"column":0},"end":{"line":0,"column":0},"skip":true},"4":{"start":{"line":0,"column":0},"end":{"line":0,"column":0},"skip":true},"5":{"start":{"line":0,"column":0},"end":{"line":0,"column":0},"skip":true},"6":{"start":{"line":0,"column":0},"end":{"line":0,"column":0},"skip":true},"7":{"start":{"line":0,"column":0},"end":{"line":0,"column":0},"skip":true},"8":{"start":{"line":0,"column":0},"end":{"line":0,"column":0},"skip":true},"9":{"start":{"line":0,"column":0},"end":{"line":0,"column":0},"skip":true},"10":{"start":{"line":0,"column":0},"end":{"line":0,"column":0},"skip":true},"11":{"start":{"line":0,"column":0},"end":{"line":0,"column":0},"skip":true},"12":{"start":{"line":0,"column":0},"end":{"line":0,"column":0},"skip":true},"13":{"start":{"line":0,"column":0},"end":{"line":0,"column":0},"skip":true},"14":{"start":{"line":0,"column":0},"end":{"line":0,"column":0},"skip":true},"15":{"start":{"line":0,"column":0},"end":{"line":0,"column":0},"skip":true},"16":{"start":{"line":0,"column":0},"end":{"line":0,"column":0},"skip":true},"17":{"start":{"line":1,"column":0},"end":{"line":null,"column":null}},"18":{"start":{"line":0,"column":0},"end":{"line":0,"column":0},"skip":true},"19":{"start":{"line":2,"column":0},"end":{"line":null,"column":null}},"20":{"start":{"line":0,"column":0},"end":{"line":0,"column":0},"skip":true},"21":{"start":{"line":3,"column":0},"end":{"line":null,"column":null}},"22":{"start":{"line":0,"column":0},"end":{"line":0,"column":0},"skip":true},"23":{"start":{"line":4,"column":0},"end":{"line":null,"column":null}},"24":{"start":{"line":0,"column":0},"end":{"line":0,"column":0},"skip":true},"25":{"start":{"line":0,"column":0},"end":{"line":0,"column":0},"skip":true},"26":{"start":{"line":0,"column":0},"end":{"line":0,"column":0},"skip":true},"27":{"start":{"line":0,"column":0},"end":{"line":0,"column":0},"skip":true},"28":{"start":{"line":0,"column":0},"end":{"line":0,"column":0},"skip":true},"29":{"start":{"line":0,"column":0},"end":{"line":0,"column":0},"skip":true},"30":{"start":{"line":6,"column":0},"end":{"line":null,"column":null}},"31":{"start":{"line":11,"column":6},"end":{"line":null,"column":null}},"32":{"start":{"line":0,"column":0},"end":{"line":0,"column":0},"skip":true},"33":{"start":{"line":0,"column":0},"end":{"line":0,"column":0},"skip":true},"34":{"start":{"line":0,"column":0},"end":{"line":0,"column":0},"skip":true},"35":{"start":{"line":20,"column":10},"end":{"line":null,"column":null}},"36":{"start":{"line":20,"column":39},"end":{"line":null,"column":null}},"37":{"start":{"line":35,"column":8},"end":{"line":null,"column":null}},"38":{"start":{"line":36,"column":13},"end":{"line":null,"column":null}},"39":{"start":{"line":40,"column":10},"end":{"line":null,"column":null}},"40":{"start":{"line":48,"column":12},"end":{"line":null,"column":null}},"41":{"start":{"line":49,"column":17},"end":{"line":null,"column":null}},"42":{"start":{"line":53,"column":14},"end":{"line":null,"column":null}},"43":{"start":{"line":55,"column":18},"end":{"line":null,"column":null}},"44":{"start":{"line":59,"column":19},"end":{"line":null,"column":null}},"45":{"start":{"line":62,"column":26},"end":{"line":null,"column":null}},"46":{"start":{"line":76,"column":8},"end":{"line":null,"column":null}},"47":{"start":{"line":77,"column":13},"end":{"line":null,"column":null}},"48":{"start":{"line":82,"column":10},"end":{"line":null,"column":null}},"49":{"start":{"line":90,"column":12},"end":{"line":null,"column":null}},"50":{"start":{"line":91,"column":17},"end":{"line":null,"column":null}},"51":{"start":{"line":95,"column":14},"end":{"line":null,"column":null}},"52":{"start":{"line":97,"column":18},"end":{"line":null,"column":null}},"53":{"start":{"line":102,"column":19},"end":{"line":null,"column":null}},"54":{"start":{"line":105,"column":26},"end":{"line":null,"column":null}},"55":{"start":{"line":118,"column":10},"end":{"line":null,"column":null}},"56":{"start":{"line":126,"column":12},"end":{"line":null,"column":null}},"57":{"start":{"line":127,"column":17},"end":{"line":null,"column":null}},"58":{"start":{"line":129,"column":15},"end":{"line":null,"column":null}},"59":{"start":{"line":130,"column":17},"end":{"line":null,"column":null}},"60":{"start":{"line":134,"column":14},"end":{"line":null,"column":null}},"61":{"start":{"line":139,"column":15},"end":{"line":null,"column":null}},"62":{"start":{"line":152,"column":10},"end":{"line":null,"column":null}},"63":{"start":{"line":155,"column":12},"end":{"line":null,"column":null}},"64":{"start":{"line":156,"column":17},"end":{"line":null,"column":null}},"65":{"start":{"line":159,"column":12},"end":{"line":null,"column":null}},"66":{"start":{"line":161,"column":24},"end":{"line":null,"column":null}},"67":{"start":{"line":175,"column":10},"end":{"line":null,"column":null}},"68":{"start":{"line":178,"column":12},"end":{"line":null,"column":null}},"69":{"start":{"line":179,"column":17},"end":{"line":null,"column":null}},"70":{"start":{"line":182,"column":15},"end":{"line":null,"column":null}},"71":{"start":{"line":190,"column":26},"end":{"line":null,"column":null}},"72":{"start":{"line":204,"column":8},"end":{"line":null,"column":null}},"73":{"start":{"line":205,"column":13},"end":{"line":null,"column":null}},"74":{"start":{"line":209,"column":10},"end":{"line":null,"column":null}},"75":{"start":{"line":212,"column":12},"end":{"line":null,"column":null}},"76":{"start":{"line":213,"column":17},"end":{"line":null,"column":null}},"77":{"start":{"line":217,"column":14},"end":{"line":null,"column":null}},"78":{"start":{"line":219,"column":16},"end":{"line":null,"column":null}},"79":{"start":{"line":220,"column":21},"end":{"line":null,"column":null}},"80":{"start":{"line":222,"column":19},"end":{"line":null,"column":null}},"81":{"start":{"line":223,"column":21},"end":{"line":null,"column":null}},"82":{"start":{"line":226,"column":19},"end":{"line":null,"column":null}},"83":{"start":{"line":231,"column":30},"end":{"line":null,"column":null}},"84":{"start":{"line":246,"column":8},"end":{"line":null,"column":null}},"85":{"start":{"line":247,"column":13},"end":{"line":null,"column":null}},"86":{"start":{"line":251,"column":10},"end":{"line":null,"column":null}},"87":{"start":{"line":254,"column":12},"end":{"line":null,"column":null}},"88":{"start":{"line":255,"column":17},"end":{"line":null,"column":null}},"89":{"start":{"line":258,"column":18},"end":{"line":null,"column":null}},"90":{"start":{"line":272,"column":10},"end":{"line":null,"column":null}},"91":{"start":{"line":289,"column":25},"end":{"line":null,"column":null}},"92":{"start":{"line":291,"column":22},"end":{"line":null,"column":null}},"93":{"start":{"line":303,"column":8},"end":{"line":null,"column":null}},"94":{"start":{"line":304,"column":13},"end":{"line":null,"column":null}},"95":{"start":{"line":306,"column":11},"end":{"line":null,"column":null}},"96":{"start":{"line":0,"column":0},"end":{"line":0,"column":0},"skip":true},"97":{"start":{"line":310,"column":15},"end":{"line":null,"column":null}}},"branchMap":{"1":{"line":0,"type":"binary-expr","locations":[{"start":{"line":0,"column":0},"end":{"line":0,"column":0},"skip":true},{"start":{"line":0,"column":0},"end":{"line":0,"column":0},"skip":true}]},"2":{"line":0,"type":"if","locations":[{"start":{"line":0,"column":0},"end":{"line":0,"column":0},"skip":true},{"start":{"line":0,"column":0},"end":{"line":0,"column":0},"skip":true}]},"3":{"line":0,"type":"if","locations":[{"start":{"line":0,"column":0},"end":{"line":0,"column":0},"skip":true},{"start":{"line":0,"column":0},"end":{"line":0,"column":0},"skip":true}]},"4":{"line":0,"type":"if","locations":[{"start":{"line":0,"column":0},"end":{"line":0,"column":0},"skip":true},{"start":{"line":0,"column":0},"end":{"line":0,"column":0},"skip":true}]},"5":{"line":0,"type":"cond-expr","locations":[{"start":{"line":0,"column":0},"end":{"line":0,"column":0},"skip":true},{"start":{"line":0,"column":0},"end":{"line":0,"column":0},"skip":true}]},"6":{"line":0,"type":"binary-expr","locations":[{"start":{"line":0,"column":0},"end":{"line":0,"column":0},"skip":true},{"start":{"line":0,"column":0},"end":{"line":0,"column":0},"skip":true}]},"7":{"line":0,"type":"if","locations":[{"start":{"line":0,"column":0},"end":{"line":0,"column":0},"skip":true},{"start":{"line":0,"column":0},"end":{"line":0,"column":0},"skip":true}]},"8":{"line":6,"type":"binary-expr","locations":[{"start":{"line":6,"column":15},"end":{"line":6,"column":15}},{"start":{"line":6,"column":41},"end":{"line":6,"column":0}}]},"9":{"line":35,"type":"if","locations":[{"start":{"line":35,"column":8},"end":{"line":35,"column":8}},{"start":{"line":35,"column":8},"end":{"line":35,"column":8}}]},"10":{"line":48,"type":"if","locations":[{"start":{"line":48,"column":12},"end":{"line":48,"column":12}},{"start":{"line":48,"column":12},"end":{"line":48,"column":12}}]},"11":{"line":76,"type":"if","locations":[{"start":{"line":76,"column":8},"end":{"line":76,"column":8}},{"start":{"line":76,"column":8},"end":{"line":76,"column":8}}]},"12":{"line":90,"type":"if","locations":[{"start":{"line":90,"column":12},"end":{"line":90,"column":12}},{"start":{"line":90,"column":12},"end":{"line":90,"column":12}}]},"13":{"line":126,"type":"if","locations":[{"start":{"line":126,"column":12},"end":{"line":126,"column":12}},{"start":{"line":126,"column":12},"end":{"line":126,"column":12}}]},"14":{"line":129,"type":"if","locations":[{"start":{"line":129,"column":15},"end":{"line":129,"column":15}},{"start":{"line":129,"column":15},"end":{"line":129,"column":15}}]},"15":{"line":155,"type":"if","locations":[{"start":{"line":155,"column":12},"end":{"line":155,"column":12}},{"start":{"line":155,"column":12},"end":{"line":155,"column":12}}]},"16":{"line":178,"type":"if","locations":[{"start":{"line":178,"column":12},"end":{"line":178,"column":12}},{"start":{"line":178,"column":12},"end":{"line":178,"column":12}}]},"17":{"line":184,"type":"binary-expr","locations":[{"start":{"line":184,"column":23},"end":{"line":184,"column":23}},{"start":{"line":184,"column":45},"end":{"line":183,"column":18}}]},"18":{"line":185,"type":"binary-expr","locations":[{"start":{"line":185,"column":22},"end":{"line":185,"column":22}},{"start":{"line":185,"column":43},"end":{"line":183,"column":18}}]},"19":{"line":186,"type":"binary-expr","locations":[{"start":{"line":186,"column":19},"end":{"line":186,"column":19}},{"start":{"line":186,"column":37},"end":{"line":183,"column":18}}]},"20":{"line":187,"type":"binary-expr","locations":[{"start":{"line":187,"column":22},"end":{"line":187,"column":22}},{"start":{"line":187,"column":43},"end":{"line":null,"column":null}}]},"21":{"line":204,"type":"if","locations":[{"start":{"line":204,"column":8},"end":{"line":204,"column":8}},{"start":{"line":204,"column":8},"end":{"line":204,"column":8}}]},"22":{"line":212,"type":"if","locations":[{"start":{"line":212,"column":12},"end":{"line":212,"column":12}},{"start":{"line":212,"column":12},"end":{"line":212,"column":12}}]},"23":{"line":219,"type":"if","locations":[{"start":{"line":219,"column":16},"end":{"line":219,"column":16}},{"start":{"line":219,"column":16},"end":{"line":219,"column":16}}]},"24":{"line":222,"type":"if","locations":[{"start":{"line":222,"column":19},"end":{"line":222,"column":19}},{"start":{"line":222,"column":19},"end":{"line":222,"column":19}}]},"25":{"line":246,"type":"if","locations":[{"start":{"line":246,"column":8},"end":{"line":246,"column":8}},{"start":{"line":246,"column":8},"end":{"line":246,"column":8}}]},"26":{"line":254,"type":"if","locations":[{"start":{"line":254,"column":12},"end":{"line":254,"column":12}},{"start":{"line":254,"column":12},"end":{"line":254,"column":12}}]},"27":{"line":303,"type":"if","locations":[{"start":{"line":303,"column":8},"end":{"line":303,"column":8}},{"start":{"line":303,"column":8},"end":{"line":303,"column":8}}]},"28":{"line":303,"type":"binary-expr","locations":[{"start":{"line":303,"column":8},"end":{"line":303,"column":8}},{"start":{"line":303,"column":21},"end":{"line":303,"column":4}}]}}},"/Users/andela/Documents/documentos/server/helpers/helpers.js":{"path":"/Users/andela/Documents/documentos/server/helpers/helpers.js","s":{"1":1,"2":1,"3":1,"4":1,"5":4,"6":4,"7":4,"8":4,"9":4,"10":4,"11":1,"12":1,"13":0,"14":1,"15":1,"16":1,"17":1,"18":1,"19":1,"20":1,"21":1,"22":0,"23":0,"24":1,"25":1,"26":0,"27":1,"28":1,"29":13,"30":2,"31":0,"32":0,"33":1,"34":1},"b":{"1":[4,4],"2":[4,0],"3":[0,1],"4":[1,0],"5":[0,1],"6":[1,1],"7":[0,0],"8":[1,1]},"f":{"1":1,"2":1,"3":1,"4":1,"5":0,"6":1,"7":0,"8":1,"9":13,"10":2,"11":0,"12":0},"fnMap":{"1":{"name":"(anonymous_1)","line":0,"loc":{"start":{"line":0,"column":0},"end":{"line":0,"column":0}},"skip":true},"2":{"name":"defineProperties","line":0,"loc":{"start":{"line":0,"column":0},"end":{"line":0,"column":0}},"skip":true},"3":{"name":"(anonymous_3)","line":0,"loc":{"start":{"line":0,"column":0},"end":{"line":0,"column":0}},"skip":true},"4":{"name":"_interopRequireDefault","line":0,"loc":{"start":{"line":0,"column":0},"end":{"line":0,"column":0}},"skip":true},"5":{"name":"_classCallCheck","line":0,"loc":{"start":{"line":0,"column":0},"end":{"line":0,"column":0}},"skip":true},"6":{"name":"(anonymous_6)","line":0,"loc":{"start":{"line":0,"column":0},"end":{"line":0,"column":0}},"skip":true},"7":{"name":"Helpers","line":0,"loc":{"start":{"line":0,"column":0},"end":{"line":0,"column":0}},"skip":true},"8":{"name":"checkRoleId","line":16,"loc":{"start":{"line":16,"column":21},"end":{"line":16,"column":26}}},"9":{"name":"ensureNoRole","line":28,"loc":{"start":{"line":28,"column":22},"end":{"line":28,"column":27}}},"10":{"name":"isSuperAdmin","line":40,"loc":{"start":{"line":40,"column":22},"end":{"line":40,"column":34}}},"11":{"name":"getRoleIdFromUserId","line":54,"loc":{"start":{"line":54,"column":29},"end":{"line":54,"column":37}}},"12":{"name":"(anonymous_12)","line":56,"loc":{"start":{"line":56,"column":12},"end":{"line":56,"column":26}}}},"statementMap":{"1":{"start":{"line":0,"column":0},"end":{"line":0,"column":0},"skip":true},"2":{"start":{"line":0,"column":0},"end":{"line":0,"column":0},"skip":true},"3":{"start":{"line":0,"column":0},"end":{"line":0,"column":0},"skip":true},"4":{"start":{"line":0,"column":0},"end":{"line":0,"column":0},"skip":true},"5":{"start":{"line":0,"column":0},"end":{"line":0,"column":0},"skip":true},"6":{"start":{"line":0,"column":0},"end":{"line":0,"column":0},"skip":true},"7":{"start":{"line":0,"column":0},"end":{"line":0,"column":0},"skip":true},"8":{"start":{"line":0,"column":0},"end":{"line":0,"column":0},"skip":true},"9":{"start":{"line":0,"column":0},"end":{"line":0,"column":0},"skip":true},"10":{"start":{"line":0,"column":0},"end":{"line":0,"column":0},"skip":true},"11":{"start":{"line":0,"column":0},"end":{"line":0,"column":0},"skip":true},"12":{"start":{"line":0,"column":0},"end":{"line":0,"column":0},"skip":true},"13":{"start":{"line":0,"column":0},"end":{"line":0,"column":0},"skip":true},"14":{"start":{"line":0,"column":0},"end":{"line":0,"column":0},"skip":true},"15":{"start":{"line":0,"column":0},"end":{"line":0,"column":0},"skip":true},"16":{"start":{"line":0,"column":0},"end":{"line":0,"column":0},"skip":true},"17":{"start":{"line":1,"column":0},"end":{"line":null,"column":null}},"18":{"start":{"line":0,"column":0},"end":{"line":0,"column":0},"skip":true},"19":{"start":{"line":0,"column":0},"end":{"line":0,"column":0},"skip":true},"20":{"start":{"line":0,"column":0},"end":{"line":0,"column":0},"skip":true},"21":{"start":{"line":0,"column":0},"end":{"line":0,"column":0},"skip":true},"22":{"start":{"line":0,"column":0},"end":{"line":0,"column":0},"skip":true},"23":{"start":{"line":0,"column":0},"end":{"line":0,"column":0},"skip":true},"24":{"start":{"line":6,"column":6},"end":{"line":null,"column":null}},"25":{"start":{"line":0,"column":0},"end":{"line":0,"column":0},"skip":true},"26":{"start":{"line":0,"column":0},"end":{"line":0,"column":0},"skip":true},"27":{"start":{"line":0,"column":0},"end":{"line":0,"column":0},"skip":true},"28":{"start":{"line":17,"column":11},"end":{"line":null,"column":null}},"29":{"start":{"line":29,"column":11},"end":{"line":null,"column":null}},"30":{"start":{"line":44,"column":12},"end":{"line":null,"column":null}},"31":{"start":{"line":55,"column":10},"end":{"line":null,"column":null}},"32":{"start":{"line":59,"column":15},"end":{"line":null,"column":null}},"33":{"start":{"line":0,"column":0},"end":{"line":0,"column":0},"skip":true},"34":{"start":{"line":64,"column":15},"end":{"line":null,"column":null}}},"branchMap":{"1":{"line":0,"type":"binary-expr","locations":[{"start":{"line":0,"column":0},"end":{"line":0,"column":0},"skip":true},{"start":{"line":0,"column":0},"end":{"line":0,"column":0},"skip":true}]},"2":{"line":0,"type":"if","locations":[{"start":{"line":0,"column":0},"end":{"line":0,"column":0},"skip":true},{"start":{"line":0,"column":0},"end":{"line":0,"column":0},"skip":true}]},"3":{"line":0,"type":"if","locations":[{"start":{"line":0,"column":0},"end":{"line":0,"column":0},"skip":true},{"start":{"line":0,"column":0},"end":{"line":0,"column":0},"skip":true}]},"4":{"line":0,"type":"if","locations":[{"start":{"line":0,"column":0},"end":{"line":0,"column":0},"skip":true},{"start":{"line":0,"column":0},"end":{"line":0,"column":0},"skip":true}]},"5":{"line":0,"type":"cond-expr","locations":[{"start":{"line":0,"column":0},"end":{"line":0,"column":0},"skip":true},{"start":{"line":0,"column":0},"end":{"line":0,"column":0},"skip":true}]},"6":{"line":0,"type":"binary-expr","locations":[{"start":{"line":0,"column":0},"end":{"line":0,"column":0},"skip":true},{"start":{"line":0,"column":0},"end":{"line":0,"column":0},"skip":true}]},"7":{"line":0,"type":"if","locations":[{"start":{"line":0,"column":0},"end":{"line":0,"column":0},"skip":true},{"start":{"line":0,"column":0},"end":{"line":0,"column":0},"skip":true}]},"8":{"line":44,"type":"cond-expr","locations":[{"start":{"line":44,"column":34},"end":{"line":44,"column":11}},{"start":{"line":44,"column":58},"end":{"line":44,"column":4}}]}}},"/Users/andela/Documents/documentos/server/controllers/documents.controllers.js":{"path":"/Users/andela/Documents/documentos/server/controllers/documents.controllers.js","s":{"1":1,"2":1,"3":1,"4":1,"5":9,"6":9,"7":9,"8":9,"9":9,"10":9,"11":1,"12":1,"13":0,"14":1,"15":1,"16":1,"17":1,"18":1,"19":1,"20":1,"21":1,"22":0,"23":0,"24":1,"25":1,"26":0,"27":1,"28":0,"29":0,"30":0,"31":0,"32":0,"33":0,"34":0,"35":0,"36":0,"37":0,"38":0,"39":0,"40":0,"41":0,"42":0,"43":0,"44":0,"45":0,"46":0,"47":0,"48":0,"49":0,"50":0,"51":0,"52":0,"53":0,"54":0,"55":0,"56":0,"57":0,"58":0,"59":0,"60":0,"61":0,"62":0,"63":0,"64":0,"65":0,"66":0,"67":0,"68":0,"69":0,"70":0,"71":0,"72":0,"73":0,"74":0,"75":0,"76":0,"77":0,"78":0,"79":0,"80":0,"81":1,"82":1},"b":{"1":[9,9],"2":[9,0],"3":[0,1],"4":[1,0],"5":[0,1],"6":[1,1],"7":[0,0],"8":[0,0],"9":[0,0],"10":[0,0],"11":[0,0],"12":[0,0],"13":[0,0],"14":[0,0],"15":[0,0],"16":[0,0],"17":[0,0],"18":[0,0],"19":[0,0],"20":[0,0],"21":[0,0],"22":[0,0],"23":[0,0]},"f":{"1":1,"2":1,"3":1,"4":1,"5":0,"6":1,"7":0,"8":0,"9":0,"10":0,"11":0,"12":0,"13":0,"14":0,"15":0,"16":0,"17":0,"18":0,"19":0,"20":0,"21":0,"22":0,"23":0,"24":0,"25":0,"26":0,"27":0,"28":0,"29":0,"30":0,"31":0,"32":0,"33":0,"34":0,"35":0,"36":0,"37":0,"38":0},"fnMap":{"1":{"name":"(anonymous_1)","line":0,"loc":{"start":{"line":0,"column":0},"end":{"line":0,"column":0}},"skip":true},"2":{"name":"defineProperties","line":0,"loc":{"start":{"line":0,"column":0},"end":{"line":0,"column":0}},"skip":true},"3":{"name":"(anonymous_3)","line":0,"loc":{"start":{"line":0,"column":0},"end":{"line":0,"column":0}},"skip":true},"4":{"name":"_interopRequireDefault","line":0,"loc":{"start":{"line":0,"column":0},"end":{"line":0,"column":0}},"skip":true},"5":{"name":"_classCallCheck","line":0,"loc":{"start":{"line":0,"column":0},"end":{"line":0,"column":0}},"skip":true},"6":{"name":"(anonymous_6)","line":0,"loc":{"start":{"line":0,"column":0},"end":{"line":0,"column":0}},"skip":true},"7":{"name":"DocumentsController","line":0,"loc":{"start":{"line":0,"column":0},"end":{"line":0,"column":0}},"skip":true},"8":{"name":"createDocument","line":16,"loc":{"start":{"line":16,"column":24},"end":{"line":16,"column":34}}},"9":{"name":"(anonymous_9)","line":18,"loc":{"start":{"line":18,"column":12},"end":{"line":null,"column":null}}},"10":{"name":"(anonymous_10)","line":21,"loc":{"start":{"line":21,"column":13},"end":{"line":null,"column":null}}},"11":{"name":"getDocuments","line":34,"loc":{"start":{"line":34,"column":22},"end":{"line":34,"column":32}}},"12":{"name":"(anonymous_12)","line":38,"loc":{"start":{"line":38,"column":14},"end":{"line":null,"column":null}}},"13":{"name":"(anonymous_13)","line":40,"loc":{"start":{"line":40,"column":15},"end":{"line":null,"column":null}}},"14":{"name":"(anonymous_14)","line":49,"loc":{"start":{"line":49,"column":14},"end":{"line":null,"column":null}}},"15":{"name":"(anonymous_15)","line":52,"loc":{"start":{"line":52,"column":15},"end":{"line":null,"column":null}}},"16":{"name":"getDocById","line":64,"loc":{"start":{"line":64,"column":20},"end":{"line":64,"column":30}}},"17":{"name":"(anonymous_17)","line":66,"loc":{"start":{"line":66,"column":12},"end":{"line":66,"column":26}}},"18":{"name":"(anonymous_18)","line":78,"loc":{"start":{"line":78,"column":13},"end":{"line":null,"column":null}}},"19":{"name":"updateDoc","line":89,"loc":{"start":{"line":89,"column":19},"end":{"line":89,"column":29}}},"20":{"name":"(anonymous_20)","line":91,"loc":{"start":{"line":91,"column":12},"end":{"line":91,"column":26}}},"21":{"name":"(anonymous_21)","line":107,"loc":{"start":{"line":107,"column":17},"end":{"line":null,"column":null}}},"22":{"name":"deleteDoc","line":119,"loc":{"start":{"line":119,"column":19},"end":{"line":119,"column":29}}},"23":{"name":"(anonymous_23)","line":121,"loc":{"start":{"line":121,"column":12},"end":{"line":121,"column":26}}},"24":{"name":"(anonymous_24)","line":133,"loc":{"start":{"line":133,"column":17},"end":{"line":null,"column":null}}},"25":{"name":"getDocForUser","line":145,"loc":{"start":{"line":145,"column":23},"end":{"line":145,"column":33}}},"26":{"name":"(anonymous_26)","line":151,"loc":{"start":{"line":151,"column":12},"end":{"line":151,"column":27}}},"27":{"name":"(anonymous_27)","line":158,"loc":{"start":{"line":158,"column":13},"end":{"line":null,"column":null}}},"28":{"name":"searchUserDoc","line":168,"loc":{"start":{"line":168,"column":23},"end":{"line":168,"column":33}}},"29":{"name":"(anonymous_29)","line":183,"loc":{"start":{"line":183,"column":12},"end":{"line":null,"column":null}}},"30":{"name":"(anonymous_30)","line":185,"loc":{"start":{"line":185,"column":13},"end":{"line":null,"column":null}}},"31":{"name":"searchDoc","line":197,"loc":{"start":{"line":197,"column":19},"end":{"line":197,"column":29}}},"32":{"name":"(anonymous_32)","line":208,"loc":{"start":{"line":208,"column":12},"end":{"line":null,"column":null}}},"33":{"name":"(anonymous_33)","line":210,"loc":{"start":{"line":210,"column":13},"end":{"line":null,"column":null}}},"34":{"name":"getRoleDocs","line":221,"loc":{"start":{"line":221,"column":21},"end":{"line":221,"column":31}}},"35":{"name":"returnResults","line":226,"loc":{"start":{"line":226,"column":26},"end":{"line":226,"column":32}}},"36":{"name":"(anonymous_36)","line":234,"loc":{"start":{"line":234,"column":12},"end":{"line":234,"column":26}}},"37":{"name":"(anonymous_37)","line":235,"loc":{"start":{"line":235,"column":25},"end":{"line":235,"column":44}}},"38":{"name":"(anonymous_38)","line":237,"loc":{"start":{"line":237,"column":18},"end":{"line":237,"column":28}}}},"statementMap":{"1":{"start":{"line":0,"column":0},"end":{"line":0,"column":0},"skip":true},"2":{"start":{"line":0,"column":0},"end":{"line":0,"column":0},"skip":true},"3":{"start":{"line":0,"column":0},"end":{"line":0,"column":0},"skip":true},"4":{"start":{"line":0,"column":0},"end":{"line":0,"column":0},"skip":true},"5":{"start":{"line":0,"column":0},"end":{"line":0,"column":0},"skip":true},"6":{"start":{"line":0,"column":0},"end":{"line":0,"column":0},"skip":true},"7":{"start":{"line":0,"column":0},"end":{"line":0,"column":0},"skip":true},"8":{"start":{"line":0,"column":0},"end":{"line":0,"column":0},"skip":true},"9":{"start":{"line":0,"column":0},"end":{"line":0,"column":0},"skip":true},"10":{"start":{"line":0,"column":0},"end":{"line":0,"column":0},"skip":true},"11":{"start":{"line":0,"column":0},"end":{"line":0,"column":0},"skip":true},"12":{"start":{"line":0,"column":0},"end":{"line":0,"column":0},"skip":true},"13":{"start":{"line":0,"column":0},"end":{"line":0,"column":0},"skip":true},"14":{"start":{"line":0,"column":0},"end":{"line":0,"column":0},"skip":true},"15":{"start":{"line":0,"column":0},"end":{"line":0,"column":0},"skip":true},"16":{"start":{"line":0,"column":0},"end":{"line":0,"column":0},"skip":true},"17":{"start":{"line":1,"column":0},"end":{"line":null,"column":null}},"18":{"start":{"line":0,"column":0},"end":{"line":0,"column":0},"skip":true},"19":{"start":{"line":0,"column":0},"end":{"line":0,"column":0},"skip":true},"20":{"start":{"line":0,"column":0},"end":{"line":0,"column":0},"skip":true},"21":{"start":{"line":0,"column":0},"end":{"line":0,"column":0},"skip":true},"22":{"start":{"line":0,"column":0},"end":{"line":0,"column":0},"skip":true},"23":{"start":{"line":0,"column":0},"end":{"line":0,"column":0},"skip":true},"24":{"start":{"line":8,"column":6},"end":{"line":null,"column":null}},"25":{"start":{"line":0,"column":0},"end":{"line":0,"column":0},"skip":true},"26":{"start":{"line":0,"column":0},"end":{"line":0,"column":0},"skip":true},"27":{"start":{"line":0,"column":0},"end":{"line":0,"column":0},"skip":true},"28":{"start":{"line":17,"column":10},"end":{"line":null,"column":null}},"29":{"start":{"line":18,"column":27},"end":{"line":null,"column":null}},"30":{"start":{"line":21,"column":22},"end":{"line":null,"column":null}},"31":{"start":{"line":35,"column":8},"end":{"line":null,"column":null}},"32":{"start":{"line":36,"column":12},"end":{"line":null,"column":null}},"33":{"start":{"line":38,"column":27},"end":{"line":null,"column":null}},"34":{"start":{"line":40,"column":24},"end":{"line":null,"column":null}},"35":{"start":{"line":44,"column":12},"end":{"line":null,"column":null}},"36":{"start":{"line":49,"column":27},"end":{"line":null,"column":null}},"37":{"start":{"line":52,"column":24},"end":{"line":null,"column":null}},"38":{"start":{"line":65,"column":10},"end":{"line":null,"column":null}},"39":{"start":{"line":68,"column":12},"end":{"line":null,"column":null}},"40":{"start":{"line":69,"column":17},"end":{"line":null,"column":null}},"41":{"start":{"line":71,"column":15},"end":{"line":null,"column":null}},"42":{"start":{"line":72,"column":17},"end":{"line":null,"column":null}},"43":{"start":{"line":75,"column":12},"end":{"line":null,"column":null}},"44":{"start":{"line":78,"column":22},"end":{"line":null,"column":null}},"45":{"start":{"line":90,"column":10},"end":{"line":null,"column":null}},"46":{"start":{"line":93,"column":12},"end":{"line":null,"column":null}},"47":{"start":{"line":94,"column":17},"end":{"line":null,"column":null}},"48":{"start":{"line":96,"column":15},"end":{"line":null,"column":null}},"49":{"start":{"line":97,"column":17},"end":{"line":null,"column":null}},"50":{"start":{"line":100,"column":15},"end":{"line":null,"column":null}},"51":{"start":{"line":107,"column":26},"end":{"line":null,"column":null}},"52":{"start":{"line":120,"column":10},"end":{"line":null,"column":null}},"53":{"start":{"line":123,"column":12},"end":{"line":null,"column":null}},"54":{"start":{"line":124,"column":17},"end":{"line":null,"column":null}},"55":{"start":{"line":126,"column":15},"end":{"line":null,"column":null}},"56":{"start":{"line":127,"column":17},"end":{"line":null,"column":null}},"57":{"start":{"line":130,"column":17},"end":{"line":null,"column":null}},"58":{"start":{"line":133,"column":26},"end":{"line":null,"column":null}},"59":{"start":{"line":146,"column":10},"end":{"line":null,"column":null}},"60":{"start":{"line":152,"column":12},"end":{"line":null,"column":null}},"61":{"start":{"line":153,"column":17},"end":{"line":null,"column":null}},"62":{"start":{"line":156,"column":15},"end":{"line":null,"column":null}},"63":{"start":{"line":158,"column":20},"end":{"line":null,"column":null}},"64":{"start":{"line":169,"column":10},"end":{"line":null,"column":null}},"65":{"start":{"line":183,"column":25},"end":{"line":null,"column":null}},"66":{"start":{"line":185,"column":22},"end":{"line":null,"column":null}},"67":{"start":{"line":198,"column":10},"end":{"line":null,"column":null}},"68":{"start":{"line":208,"column":25},"end":{"line":null,"column":null}},"69":{"start":{"line":210,"column":22},"end":{"line":null,"column":null}},"70":{"start":{"line":225,"column":10},"end":{"line":null,"column":null}},"71":{"start":{"line":226,"column":10},"end":{"line":null,"column":null}},"72":{"start":{"line":227,"column":10},"end":{"line":null,"column":null}},"73":{"start":{"line":229,"column":10},"end":{"line":null,"column":null}},"74":{"start":{"line":235,"column":17},"end":{"line":null,"column":null}},"75":{"start":{"line":236,"column":16},"end":{"line":null,"column":null}},"76":{"start":{"line":238,"column":19},"end":{"line":null,"column":null}},"77":{"start":{"line":239,"column":24},"end":{"line":null,"column":null}},"78":{"start":{"line":241,"column":24},"end":{"line":null,"column":null}},"79":{"start":{"line":243,"column":18},"end":{"line":null,"column":null}},"80":{"start":{"line":0,"column":0},"end":{"line":0,"column":0},"skip":true},"81":{"start":{"line":0,"column":0},"end":{"line":0,"column":0},"skip":true},"82":{"start":{"line":253,"column":15},"end":{"line":null,"column":null}}},"branchMap":{"1":{"line":0,"type":"binary-expr","locations":[{"start":{"line":0,"column":0},"end":{"line":0,"column":0},"skip":true},{"start":{"line":0,"column":0},"end":{"line":0,"column":0},"skip":true}]},"2":{"line":0,"type":"if","locations":[{"start":{"line":0,"column":0},"end":{"line":0,"column":0},"skip":true},{"start":{"line":0,"column":0},"end":{"line":0,"column":0},"skip":true}]},"3":{"line":0,"type":"if","locations":[{"start":{"line":0,"column":0},"end":{"line":0,"column":0},"skip":true},{"start":{"line":0,"column":0},"end":{"line":0,"column":0},"skip":true}]},"4":{"line":0,"type":"if","locations":[{"start":{"line":0,"column":0},"end":{"line":0,"column":0},"skip":true},{"start":{"line":0,"column":0},"end":{"line":0,"column":0},"skip":true}]},"5":{"line":0,"type":"cond-expr","locations":[{"start":{"line":0,"column":0},"end":{"line":0,"column":0},"skip":true},{"start":{"line":0,"column":0},"end":{"line":0,"column":0},"skip":true}]},"6":{"line":0,"type":"binary-expr","locations":[{"start":{"line":0,"column":0},"end":{"line":0,"column":0},"skip":true},{"start":{"line":0,"column":0},"end":{"line":0,"column":0},"skip":true}]},"7":{"line":0,"type":"if","locations":[{"start":{"line":0,"column":0},"end":{"line":0,"column":0},"skip":true},{"start":{"line":0,"column":0},"end":{"line":0,"column":0},"skip":true}]},"8":{"line":35,"type":"if","locations":[{"start":{"line":35,"column":8},"end":{"line":35,"column":8}},{"start":{"line":35,"column":8},"end":{"line":35,"column":8}}]},"9":{"line":68,"type":"if","locations":[{"start":{"line":68,"column":12},"end":{"line":68,"column":12}},{"start":{"line":68,"column":12},"end":{"line":68,"column":12}}]},"10":{"line":71,"type":"if","locations":[{"start":{"line":71,"column":15},"end":{"line":71,"column":15}},{"start":{"line":71,"column":15},"end":{"line":71,"column":15}}]},"11":{"line":71,"type":"binary-expr","locations":[{"start":{"line":71,"column":19},"end":{"line":71,"column":19}},{"start":{"line":71,"column":52},"end":{"line":71,"column":15}}]},"12":{"line":93,"type":"if","locations":[{"start":{"line":93,"column":12},"end":{"line":93,"column":12}},{"start":{"line":93,"column":12},"end":{"line":93,"column":12}}]},"13":{"line":96,"type":"if","locations":[{"start":{"line":96,"column":15},"end":{"line":96,"column":15}},{"start":{"line":96,"column":15},"end":{"line":96,"column":15}}]},"14":{"line":96,"type":"binary-expr","locations":[{"start":{"line":96,"column":19},"end":{"line":96,"column":19}},{"start":{"line":96,"column":62},"end":{"line":96,"column":15}}]},"15":{"line":102,"type":"binary-expr","locations":[{"start":{"line":102,"column":19},"end":{"line":102,"column":19}},{"start":{"line":102,"column":37},"end":{"line":101,"column":18}}]},"16":{"line":103,"type":"binary-expr","locations":[{"start":{"line":103,"column":18},"end":{"line":103,"column":18}},{"start":{"line":103,"column":35},"end":{"line":null,"column":null}}]},"17":{"line":123,"type":"if","locations":[{"start":{"line":123,"column":12},"end":{"line":123,"column":12}},{"start":{"line":123,"column":12},"end":{"line":123,"column":12}}]},"18":{"line":126,"type":"if","locations":[{"start":{"line":126,"column":15},"end":{"line":126,"column":15}},{"start":{"line":126,"column":15},"end":{"line":126,"column":15}}]},"19":{"line":126,"type":"binary-expr","locations":[{"start":{"line":126,"column":19},"end":{"line":126,"column":19}},{"start":{"line":126,"column":62},"end":{"line":126,"column":15}}]},"20":{"line":152,"type":"if","locations":[{"start":{"line":152,"column":12},"end":{"line":152,"column":12}},{"start":{"line":152,"column":12},"end":{"line":152,"column":12}}]},"21":{"line":238,"type":"if","locations":[{"start":{"line":238,"column":19},"end":{"line":238,"column":19}},{"start":{"line":238,"column":19},"end":{"line":238,"column":19}}]},"22":{"line":238,"type":"binary-expr","locations":[{"start":{"line":238,"column":19},"end":{"line":238,"column":18}},{"start":{"line":238,"column":49},"end":{"line":238,"column":14}}]},"23":{"line":243,"type":"if","locations":[{"start":{"line":243,"column":18},"end":{"line":243,"column":18}},{"start":{"line":243,"column":18},"end":{"line":243,"column":18}}]}}},"/Users/andela/Documents/documentos/server/middleware/authentication.js":{"path":"/Users/andela/Documents/documentos/server/middleware/authentication.js","s":{"1":1,"2":1,"3":1,"4":1,"5":4,"6":4,"7":4,"8":4,"9":4,"10":4,"11":1,"12":1,"13":0,"14":1,"15":1,"16":1,"17":1,"18":1,"19":1,"20":1,"21":1,"22":2,"23":1,"24":0,"25":0,"26":1,"27":1,"28":1,"29":0,"30":1,"31":21,"32":21,"33":2,"34":19,"35":19,"36":0,"37":19,"38":19,"39":6,"40":2,"41":4,"42":12,"43":12,"44":12,"45":9,"46":3,"47":1,"48":1,"49":1,"50":1,"51":0,"52":1,"53":1},"b":{"1":[4,4],"2":[4,0],"3":[0,1],"4":[1,0],"5":[0,2],"6":[2,2],"7":[0,0],"8":[1,1],"9":[21,21,21],"10":[2,19],"11":[0,19],"12":[2,4],"13":[6,4],"14":[9,3],"15":[1,0],"16":[1,1]},"f":{"1":1,"2":1,"3":1,"4":2,"5":0,"6":1,"7":0,"8":21,"9":19,"10":6,"11":12,"12":12,"13":12,"14":1,"15":1,"16":1},"fnMap":{"1":{"name":"(anonymous_1)","line":0,"loc":{"start":{"line":0,"column":0},"end":{"line":0,"column":0}},"skip":true},"2":{"name":"defineProperties","line":0,"loc":{"start":{"line":0,"column":0},"end":{"line":0,"column":0}},"skip":true},"3":{"name":"(anonymous_3)","line":0,"loc":{"start":{"line":0,"column":0},"end":{"line":0,"column":0}},"skip":true},"4":{"name":"_interopRequireDefault","line":0,"loc":{"start":{"line":0,"column":0},"end":{"line":0,"column":0}},"skip":true},"5":{"name":"_classCallCheck","line":0,"loc":{"start":{"line":0,"column":0},"end":{"line":0,"column":0}},"skip":true},"6":{"name":"(anonymous_6)","line":0,"loc":{"start":{"line":0,"column":0},"end":{"line":0,"column":0}},"skip":true},"7":{"name":"Authentication","line":0,"loc":{"start":{"line":0,"column":0},"end":{"line":0,"column":0}},"skip":true},"8":{"name":"decodeToken","line":18,"loc":{"start":{"line":18,"column":21},"end":{"line":18,"column":37}}},"9":{"name":"(anonymous_9)","line":25,"loc":{"start":{"line":25,"column":30},"end":{"line":25,"column":50}}},"10":{"name":"validateUser","line":44,"loc":{"start":{"line":44,"column":22},"end":{"line":44,"column":38}}},"11":{"name":"isSuperAdmin","line":61,"loc":{"start":{"line":61,"column":22},"end":{"line":61,"column":38}}},"12":{"name":"(anonymous_12)","line":64,"loc":{"start":{"line":64,"column":12},"end":{"line":64,"column":27}}},"13":{"name":"(anonymous_13)","line":67,"loc":{"start":{"line":67,"column":16},"end":{"line":67,"column":30}}},"14":{"name":"isAdmin","line":86,"loc":{"start":{"line":86,"column":17},"end":{"line":86,"column":33}}},"15":{"name":"(anonymous_15)","line":89,"loc":{"start":{"line":89,"column":12},"end":{"line":89,"column":27}}},"16":{"name":"(anonymous_16)","line":92,"loc":{"start":{"line":92,"column":16},"end":{"line":92,"column":30}}}},"statementMap":{"1":{"start":{"line":0,"column":0},"end":{"line":0,"column":0},"skip":true},"2":{"start":{"line":0,"column":0},"end":{"line":0,"column":0},"skip":true},"3":{"start":{"line":0,"column":0},"end":{"line":0,"column":0},"skip":true},"4":{"start":{"line":0,"column":0},"end":{"line":0,"column":0},"skip":true},"5":{"start":{"line":0,"column":0},"end":{"line":0,"column":0},"skip":true},"6":{"start":{"line":0,"column":0},"end":{"line":0,"column":0},"skip":true},"7":{"start":{"line":0,"column":0},"end":{"line":0,"column":0},"skip":true},"8":{"start":{"line":0,"column":0},"end":{"line":0,"column":0},"skip":true},"9":{"start":{"line":0,"column":0},"end":{"line":0,"column":0},"skip":true},"10":{"start":{"line":0,"column":0},"end":{"line":0,"column":0},"skip":true},"11":{"start":{"line":0,"column":0},"end":{"line":0,"column":0},"skip":true},"12":{"start":{"line":0,"column":0},"end":{"line":0,"column":0},"skip":true},"13":{"start":{"line":0,"column":0},"end":{"line":0,"column":0},"skip":true},"14":{"start":{"line":0,"column":0},"end":{"line":0,"column":0},"skip":true},"15":{"start":{"line":0,"column":0},"end":{"line":0,"column":0},"skip":true},"16":{"start":{"line":0,"column":0},"end":{"line":0,"column":0},"skip":true},"17":{"start":{"line":1,"column":0},"end":{"line":null,"column":null}},"18":{"start":{"line":0,"column":0},"end":{"line":0,"column":0},"skip":true},"19":{"start":{"line":2,"column":0},"end":{"line":null,"column":null}},"20":{"start":{"line":0,"column":0},"end":{"line":0,"column":0},"skip":true},"21":{"start":{"line":0,"column":0},"end":{"line":0,"column":0},"skip":true},"22":{"start":{"line":0,"column":0},"end":{"line":0,"column":0},"skip":true},"23":{"start":{"line":0,"column":0},"end":{"line":0,"column":0},"skip":true},"24":{"start":{"line":0,"column":0},"end":{"line":0,"column":0},"skip":true},"25":{"start":{"line":0,"column":0},"end":{"line":0,"column":0},"skip":true},"26":{"start":{"line":4,"column":0},"end":{"line":null,"column":null}},"27":{"start":{"line":9,"column":6},"end":{"line":null,"column":null}},"28":{"start":{"line":0,"column":0},"end":{"line":0,"column":0},"skip":true},"29":{"start":{"line":0,"column":0},"end":{"line":0,"column":0},"skip":true},"30":{"start":{"line":0,"column":0},"end":{"line":0,"column":0},"skip":true},"31":{"start":{"line":19,"column":10},"end":{"line":null,"column":null}},"32":{"start":{"line":21,"column":8},"end":{"line":null,"column":null}},"33":{"start":{"line":22,"column":13},"end":{"line":null,"column":null}},"34":{"start":{"line":25,"column":8},"end":{"line":null,"column":null}},"35":{"start":{"line":26,"column":10},"end":{"line":null,"column":null}},"36":{"start":{"line":27,"column":15},"end":{"line":null,"column":null}},"37":{"start":{"line":30,"column":10},"end":{"line":null,"column":null}},"38":{"start":{"line":0,"column":0},"end":{"line":0,"column":0},"skip":true},"39":{"start":{"line":46,"column":8},"end":{"line":null,"column":null}},"40":{"start":{"line":47,"column":13},"end":{"line":null,"column":null}},"41":{"start":{"line":0,"column":0},"end":{"line":0,"column":0},"skip":true},"42":{"start":{"line":63,"column":11},"end":{"line":null,"column":null}},"43":{"start":{"line":66,"column":15},"end":{"line":null,"column":null}},"44":{"start":{"line":68,"column":16},"end":{"line":null,"column":null}},"45":{"start":{"line":0,"column":0},"end":{"line":0,"column":0},"skip":true},"46":{"start":{"line":71,"column":21},"end":{"line":null,"column":null}},"47":{"start":{"line":88,"column":11},"end":{"line":null,"column":null}},"48":{"start":{"line":91,"column":15},"end":{"line":null,"column":null}},"49":{"start":{"line":93,"column":16},"end":{"line":null,"column":null}},"50":{"start":{"line":0,"column":0},"end":{"line":0,"column":0},"skip":true},"51":{"start":{"line":96,"column":21},"end":{"line":null,"column":null}},"52":{"start":{"line":0,"column":0},"end":{"line":0,"column":0},"skip":true},"53":{"start":{"line":104,"column":15},"end":{"line":null,"column":null}}},"branchMap":{"1":{"line":0,"type":"binary-expr","locations":[{"start":{"line":0,"column":0},"end":{"line":0,"column":0},"skip":true},{"start":{"line":0,"column":0},"end":{"line":0,"column":0},"skip":true}]},"2":{"line":0,"type":"if","locations":[{"start":{"line":0,"column":0},"end":{"line":0,"column":0},"skip":true},{"start":{"line":0,"column":0},"end":{"line":0,"column":0},"skip":true}]},"3":{"line":0,"type":"if","locations":[{"start":{"line":0,"column":0},"end":{"line":0,"column":0},"skip":true},{"start":{"line":0,"column":0},"end":{"line":0,"column":0},"skip":true}]},"4":{"line":0,"type":"if","locations":[{"start":{"line":0,"column":0},"end":{"line":0,"column":0},"skip":true},{"start":{"line":0,"column":0},"end":{"line":0,"column":0},"skip":true}]},"5":{"line":0,"type":"cond-expr","locations":[{"start":{"line":0,"column":0},"end":{"line":0,"column":0},"skip":true},{"start":{"line":0,"column":0},"end":{"line":0,"column":0},"skip":true}]},"6":{"line":0,"type":"binary-expr","locations":[{"start":{"line":0,"column":0},"end":{"line":0,"column":0},"skip":true},{"start":{"line":0,"column":0},"end":{"line":0,"column":0},"skip":true}]},"7":{"line":0,"type":"if","locations":[{"start":{"line":0,"column":0},"end":{"line":0,"column":0},"skip":true},{"start":{"line":0,"column":0},"end":{"line":0,"column":0},"skip":true}]},"8":{"line":4,"type":"binary-expr","locations":[{"start":{"line":4,"column":15},"end":{"line":4,"column":15}},{"start":{"line":4,"column":41},"end":{"line":4,"column":0}}]},"9":{"line":19,"type":"binary-expr","locations":[{"start":{"line":19,"column":18},"end":{"line":19,"column":18}},{"start":{"line":19,"column":36},"end":{"line":19,"column":18}},{"start":{"line":19,"column":65},"end":{"line":19,"column":4}}]},"10":{"line":21,"type":"if","locations":[{"start":{"line":21,"column":8},"end":{"line":21,"column":8}},{"start":{"line":21,"column":8},"end":{"line":21,"column":8}}]},"11":{"line":26,"type":"if","locations":[{"start":{"line":26,"column":10},"end":{"line":26,"column":10}},{"start":{"line":26,"column":10},"end":{"line":26,"column":10}}]},"12":{"line":46,"type":"if","locations":[{"start":{"line":46,"column":8},"end":{"line":46,"column":8}},{"start":{"line":46,"column":8},"end":{"line":46,"column":8}}]},"13":{"line":46,"type":"binary-expr","locations":[{"start":{"line":46,"column":8},"end":{"line":46,"column":8}},{"start":{"line":46,"column":60},"end":{"line":46,"column":4}}]},"14":{"line":68,"type":"if","locations":[{"start":{"line":68,"column":16},"end":{"line":68,"column":16}},{"start":{"line":68,"column":16},"end":{"line":68,"column":16}}]},"15":{"line":93,"type":"if","locations":[{"start":{"line":93,"column":16},"end":{"line":93,"column":16}},{"start":{"line":93,"column":16},"end":{"line":93,"column":16}}]},"16":{"line":93,"type":"binary-expr","locations":[{"start":{"line":93,"column":16},"end":{"line":93,"column":16}},{"start":{"line":93,"column":46},"end":{"line":93,"column":12}}]}}},"/Users/andela/Documents/documentos/server/routes/roles.routes.js":{"path":"/Users/andela/Documents/documentos/server/routes/roles.routes.js","s":{"1":1,"2":1,"3":1,"4":1,"5":1,"6":1,"7":2,"8":1,"9":1,"10":1,"11":1},"b":{"1":[2,0],"2":[2,2]},"f":{"1":2},"fnMap":{"1":{"name":"_interopRequireDefault","line":0,"loc":{"start":{"line":0,"column":0},"end":{"line":0,"column":0}},"skip":true}},"statementMap":{"1":{"start":{"line":0,"column":0},"end":{"line":0,"column":0},"skip":true},"2":{"start":{"line":1,"column":0},"end":{"line":null,"column":null}},"3":{"start":{"line":0,"column":0},"end":{"line":0,"column":0},"skip":true},"4":{"start":{"line":2,"column":0},"end":{"line":null,"column":null}},"5":{"start":{"line":0,"column":0},"end":{"line":0,"column":0},"skip":true},"6":{"start":{"line":0,"column":0},"end":{"line":0,"column":0},"skip":true},"7":{"start":{"line":0,"column":0},"end":{"line":0,"column":0},"skip":true},"8":{"start":{"line":4,"column":0},"end":{"line":null,"column":null}},"9":{"start":{"line":6,"column":0},"end":{"line":null,"column":null}},"10":{"start":{"line":10,"column":0},"end":{"line":null,"column":null}},"11":{"start":{"line":15,"column":15},"end":{"line":null,"column":null}}},"branchMap":{"1":{"line":0,"type":"cond-expr","locations":[{"start":{"line":0,"column":0},"end":{"line":0,"column":0},"skip":true},{"start":{"line":0,"column":0},"end":{"line":0,"column":0},"skip":true}]},"2":{"line":0,"type":"binary-expr","locations":[{"start":{"line":0,"column":0},"end":{"line":0,"column":0},"skip":true},{"start":{"line":0,"column":0},"end":{"line":0,"column":0},"skip":true}]}}},"/Users/andela/Documents/documentos/server/controllers/roles.controllers.js":{"path":"/Users/andela/Documents/documentos/server/controllers/roles.controllers.js","s":{"1":1,"2":1,"3":1,"4":1,"5":5,"6":5,"7":5,"8":5,"9":5,"10":5,"11":1,"12":1,"13":0,"14":1,"15":1,"16":1,"17":1,"18":1,"19":1,"20":1,"21":1,"22":0,"23":0,"24":1,"25":1,"26":0,"27":1,"28":2,"29":2,"30":2,"31":0,"32":0,"33":0,"34":1,"35":1,"36":0,"37":1,"38":0,"39":1,"40":1,"41":1,"42":0,"43":1,"44":1,"45":1,"46":0,"47":1,"48":0,"49":1,"50":1,"51":1,"52":0,"53":0,"54":0,"55":0,"56":0,"57":1,"58":1},"b":{"1":[5,5],"2":[5,0],"3":[0,1],"4":[1,0],"5":[0,1],"6":[1,1],"7":[0,0],"8":[2,0],"9":[0,1],"10":[0,1],"11":[1,0],"12":[0,1],"13":[1,0],"14":[0,0]},"f":{"1":1,"2":1,"3":1,"4":1,"5":0,"6":1,"7":0,"8":2,"9":2,"10":0,"11":0,"12":1,"13":1,"14":0,"15":1,"16":1,"17":1,"18":1,"19":1,"20":1,"21":0,"22":0},"fnMap":{"1":{"name":"(anonymous_1)","line":0,"loc":{"start":{"line":0,"column":0},"end":{"line":0,"column":0}},"skip":true},"2":{"name":"defineProperties","line":0,"loc":{"start":{"line":0,"column":0},"end":{"line":0,"column":0}},"skip":true},"3":{"name":"(anonymous_3)","line":0,"loc":{"start":{"line":0,"column":0},"end":{"line":0,"column":0}},"skip":true},"4":{"name":"_interopRequireDefault","line":0,"loc":{"start":{"line":0,"column":0},"end":{"line":0,"column":0}},"skip":true},"5":{"name":"_classCallCheck","line":0,"loc":{"start":{"line":0,"column":0},"end":{"line":0,"column":0}},"skip":true},"6":{"name":"(anonymous_6)","line":0,"loc":{"start":{"line":0,"column":0},"end":{"line":0,"column":0}},"skip":true},"7":{"name":"RolesController","line":0,"loc":{"start":{"line":0,"column":0},"end":{"line":0,"column":0}},"skip":true},"8":{"name":"createRole","line":14,"loc":{"start":{"line":14,"column":20},"end":{"line":14,"column":30}}},"9":{"name":"(anonymous_9)","line":18,"loc":{"start":{"line":18,"column":12},"end":{"line":18,"column":28}}},"10":{"name":"(anonymous_10)","line":29,"loc":{"start":{"line":29,"column":16},"end":{"line":null,"column":null}}},"11":{"name":"(anonymous_11)","line":32,"loc":{"start":{"line":32,"column":13},"end":{"line":null,"column":null}}},"12":{"name":"getRoleById","line":43,"loc":{"start":{"line":43,"column":21},"end":{"line":43,"column":31}}},"13":{"name":"(anonymous_13)","line":45,"loc":{"start":{"line":45,"column":12},"end":{"line":45,"column":27}}},"14":{"name":"(anonymous_14)","line":53,"loc":{"start":{"line":53,"column":15},"end":{"line":null,"column":null}}},"15":{"name":"getRoles","line":64,"loc":{"start":{"line":64,"column":18},"end":{"line":64,"column":28}}},"16":{"name":"(anonymous_16)","line":72,"loc":{"start":{"line":72,"column":12},"end":{"line":null,"column":null}}},"17":{"name":"deleteRole","line":83,"loc":{"start":{"line":83,"column":20},"end":{"line":83,"column":30}}},"18":{"name":"(anonymous_18)","line":90,"loc":{"start":{"line":90,"column":12},"end":{"line":90,"column":27}}},"19":{"name":"updateRole","line":109,"loc":{"start":{"line":109,"column":20},"end":{"line":109,"column":30}}},"20":{"name":"(anonymous_20)","line":122,"loc":{"start":{"line":122,"column":12},"end":{"line":122,"column":28}}},"21":{"name":"(anonymous_21)","line":129,"loc":{"start":{"line":129,"column":14},"end":{"line":129,"column":29}}},"22":{"name":"(anonymous_22)","line":140,"loc":{"start":{"line":140,"column":19},"end":{"line":null,"column":null}}}},"statementMap":{"1":{"start":{"line":0,"column":0},"end":{"line":0,"column":0},"skip":true},"2":{"start":{"line":0,"column":0},"end":{"line":0,"column":0},"skip":true},"3":{"start":{"line":0,"column":0},"end":{"line":0,"column":0},"skip":true},"4":{"start":{"line":0,"column":0},"end":{"line":0,"column":0},"skip":true},"5":{"start":{"line":0,"column":0},"end":{"line":0,"column":0},"skip":true},"6":{"start":{"line":0,"column":0},"end":{"line":0,"column":0},"skip":true},"7":{"start":{"line":0,"column":0},"end":{"line":0,"column":0},"skip":true},"8":{"start":{"line":0,"column":0},"end":{"line":0,"column":0},"skip":true},"9":{"start":{"line":0,"column":0},"end":{"line":0,"column":0},"skip":true},"10":{"start":{"line":0,"column":0},"end":{"line":0,"column":0},"skip":true},"11":{"start":{"line":0,"column":0},"end":{"line":0,"column":0},"skip":true},"12":{"start":{"line":0,"column":0},"end":{"line":0,"column":0},"skip":true},"13":{"start":{"line":0,"column":0},"end":{"line":0,"column":0},"skip":true},"14":{"start":{"line":0,"column":0},"end":{"line":0,"column":0},"skip":true},"15":{"start":{"line":0,"column":0},"end":{"line":0,"column":0},"skip":true},"16":{"start":{"line":0,"column":0},"end":{"line":0,"column":0},"skip":true},"17":{"start":{"line":1,"column":0},"end":{"line":null,"column":null}},"18":{"start":{"line":0,"column":0},"end":{"line":0,"column":0},"skip":true},"19":{"start":{"line":0,"column":0},"end":{"line":0,"column":0},"skip":true},"20":{"start":{"line":0,"column":0},"end":{"line":0,"column":0},"skip":true},"21":{"start":{"line":0,"column":0},"end":{"line":0,"column":0},"skip":true},"22":{"start":{"line":0,"column":0},"end":{"line":0,"column":0},"skip":true},"23":{"start":{"line":0,"column":0},"end":{"line":0,"column":0},"skip":true},"24":{"start":{"line":6,"column":6},"end":{"line":null,"column":null}},"25":{"start":{"line":0,"column":0},"end":{"line":0,"column":0},"skip":true},"26":{"start":{"line":0,"column":0},"end":{"line":0,"column":0},"skip":true},"27":{"start":{"line":0,"column":0},"end":{"line":0,"column":0},"skip":true},"28":{"start":{"line":15,"column":10},"end":{"line":null,"column":null}},"29":{"start":{"line":23,"column":12},"end":{"line":null,"column":null}},"30":{"start":{"line":24,"column":17},"end":{"line":null,"column":null}},"31":{"start":{"line":28,"column":14},"end":{"line":null,"column":null}},"32":{"start":{"line":29,"column":27},"end":{"line":null,"column":null}},"33":{"start":{"line":32,"column":22},"end":{"line":null,"column":null}},"34":{"start":{"line":44,"column":10},"end":{"line":null,"column":null}},"35":{"start":{"line":47,"column":12},"end":{"line":null,"column":null}},"36":{"start":{"line":48,"column":17},"end":{"line":null,"column":null}},"37":{"start":{"line":51,"column":12},"end":{"line":null,"column":null}},"38":{"start":{"line":53,"column":24},"end":{"line":null,"column":null}},"39":{"start":{"line":65,"column":10},"end":{"line":null,"column":null}},"40":{"start":{"line":72,"column":21},"end":{"line":null,"column":null}},"41":{"start":{"line":85,"column":8},"end":{"line":null,"column":null}},"42":{"start":{"line":86,"column":13},"end":{"line":null,"column":null}},"43":{"start":{"line":89,"column":10},"end":{"line":null,"column":null}},"44":{"start":{"line":92,"column":12},"end":{"line":null,"column":null}},"45":{"start":{"line":93,"column":17},"end":{"line":null,"column":null}},"46":{"start":{"line":96,"column":18},"end":{"line":null,"column":null}},"47":{"start":{"line":112,"column":8},"end":{"line":null,"column":null}},"48":{"start":{"line":113,"column":13},"end":{"line":null,"column":null}},"49":{"start":{"line":118,"column":10},"end":{"line":null,"column":null}},"50":{"start":{"line":123,"column":10},"end":{"line":null,"column":null}},"51":{"start":{"line":124,"column":15},"end":{"line":null,"column":null}},"52":{"start":{"line":128,"column":12},"end":{"line":null,"column":null}},"53":{"start":{"line":131,"column":14},"end":{"line":null,"column":null}},"54":{"start":{"line":132,"column":19},"end":{"line":null,"column":null}},"55":{"start":{"line":135,"column":17},"end":{"line":null,"column":null}},"56":{"start":{"line":140,"column":28},"end":{"line":null,"column":null}},"57":{"start":{"line":0,"column":0},"end":{"line":0,"column":0},"skip":true},"58":{"start":{"line":147,"column":15},"end":{"line":null,"column":null}}},"branchMap":{"1":{"line":0,"type":"binary-expr","locations":[{"start":{"line":0,"column":0},"end":{"line":0,"column":0},"skip":true},{"start":{"line":0,"column":0},"end":{"line":0,"column":0},"skip":true}]},"2":{"line":0,"type":"if","locations":[{"start":{"line":0,"column":0},"end":{"line":0,"column":0},"skip":true},{"start":{"line":0,"column":0},"end":{"line":0,"column":0},"skip":true}]},"3":{"line":0,"type":"if","locations":[{"start":{"line":0,"column":0},"end":{"line":0,"column":0},"skip":true},{"start":{"line":0,"column":0},"end":{"line":0,"column":0},"skip":true}]},"4":{"line":0,"type":"if","locations":[{"start":{"line":0,"column":0},"end":{"line":0,"column":0},"skip":true},{"start":{"line":0,"column":0},"end":{"line":0,"column":0},"skip":true}]},"5":{"line":0,"type":"cond-expr","locations":[{"start":{"line":0,"column":0},"end":{"line":0,"column":0},"skip":true},{"start":{"line":0,"column":0},"end":{"line":0,"column":0},"skip":true}]},"6":{"line":0,"type":"binary-expr","locations":[{"start":{"line":0,"column":0},"end":{"line":0,"column":0},"skip":true},{"start":{"line":0,"column":0},"end":{"line":0,"column":0},"skip":true}]},"7":{"line":0,"type":"if","locations":[{"start":{"line":0,"column":0},"end":{"line":0,"column":0},"skip":true},{"start":{"line":0,"column":0},"end":{"line":0,"column":0},"skip":true}]},"8":{"line":23,"type":"if","locations":[{"start":{"line":23,"column":12},"end":{"line":23,"column":12}},{"start":{"line":23,"column":12},"end":{"line":23,"column":12}}]},"9":{"line":47,"type":"if","locations":[{"start":{"line":47,"column":12},"end":{"line":47,"column":12}},{"start":{"line":47,"column":12},"end":{"line":47,"column":12}}]},"10":{"line":85,"type":"if","locations":[{"start":{"line":85,"column":8},"end":{"line":85,"column":8}},{"start":{"line":85,"column":8},"end":{"line":85,"column":8}}]},"11":{"line":92,"type":"if","locations":[{"start":{"line":92,"column":12},"end":{"line":92,"column":12}},{"start":{"line":92,"column":12},"end":{"line":92,"column":12}}]},"12":{"line":112,"type":"if","locations":[{"start":{"line":112,"column":8},"end":{"line":112,"column":8}},{"start":{"line":112,"column":8},"end":{"line":112,"column":8}}]},"13":{"line":123,"type":"if","locations":[{"start":{"line":123,"column":10},"end":{"line":123,"column":10}},{"start":{"line":123,"column":10},"end":{"line":123,"column":10}}]},"14":{"line":131,"type":"if","locations":[{"start":{"line":131,"column":14},"end":{"line":131,"column":14}},{"start":{"line":131,"column":14},"end":{"line":131,"column":14}}]}}},"/Users/andela/Documents/documentos/server/routes/documents.routes.js":{"path":"/Users/andela/Documents/documentos/server/routes/documents.routes.js","s":{"1":1,"2":1,"3":1,"4":1,"5":1,"6":1,"7":1,"8":1,"9":3,"10":1,"11":1,"12":1,"13":1,"14":1,"15":1,"16":0,"17":1,"18":1},"b":{"1":[2,1],"2":[3,3]},"f":{"1":3,"2":0},"fnMap":{"1":{"name":"_interopRequireDefault","line":0,"loc":{"start":{"line":0,"column":0},"end":{"line":0,"column":0}},"skip":true},"2":{"name":"(anonymous_2)","line":27,"loc":{"start":{"line":27,"column":8},"end":{"line":27,"column":22}}}},"statementMap":{"1":{"start":{"line":0,"column":0},"end":{"line":0,"column":0},"skip":true},"2":{"start":{"line":1,"column":0},"end":{"line":null,"column":null}},"3":{"start":{"line":0,"column":0},"end":{"line":0,"column":0},"skip":true},"4":{"start":{"line":2,"column":0},"end":{"line":null,"column":null}},"5":{"start":{"line":0,"column":0},"end":{"line":0,"column":0},"skip":true},"6":{"start":{"line":3,"column":0},"end":{"line":null,"column":null}},"7":{"start":{"line":0,"column":0},"end":{"line":0,"column":0},"skip":true},"8":{"start":{"line":0,"column":0},"end":{"line":0,"column":0},"skip":true},"9":{"start":{"line":0,"column":0},"end":{"line":0,"column":0},"skip":true},"10":{"start":{"line":5,"column":0},"end":{"line":null,"column":null}},"11":{"start":{"line":8,"column":0},"end":{"line":null,"column":null}},"12":{"start":{"line":13,"column":0},"end":{"line":null,"column":null}},"13":{"start":{"line":16,"column":0},"end":{"line":null,"column":null}},"14":{"start":{"line":22,"column":0},"end":{"line":null,"column":null}},"15":{"start":{"line":26,"column":0},"end":{"line":null,"column":null}},"16":{"start":{"line":28,"column":8},"end":{"line":null,"column":null}},"17":{"start":{"line":32,"column":0},"end":{"line":null,"column":null}},"18":{"start":{"line":35,"column":15},"end":{"line":null,"column":null}}},"branchMap":{"1":{"line":0,"type":"cond-expr","locations":[{"start":{"line":0,"column":0},"end":{"line":0,"column":0},"skip":true},{"start":{"line":0,"column":0},"end":{"line":0,"column":0},"skip":true}]},"2":{"line":0,"type":"binary-expr","locations":[{"start":{"line":0,"column":0},"end":{"line":0,"column":0},"skip":true},{"start":{"line":0,"column":0},"end":{"line":0,"column":0},"skip":true}]}}},"/Users/andela/Documents/documentos/server/routes/search.routes.js":{"path":"/Users/andela/Documents/documentos/server/routes/search.routes.js","s":{"1":1,"2":1,"3":1,"4":1,"5":1,"6":1,"7":1,"8":1,"9":1,"10":1,"11":4,"12":1,"13":1,"14":1,"15":1},"b":{"1":[3,1],"2":[4,4]},"f":{"1":4},"fnMap":{"1":{"name":"_interopRequireDefault","line":0,"loc":{"start":{"line":0,"column":0},"end":{"line":0,"column":0}},"skip":true}},"statementMap":{"1":{"start":{"line":0,"column":0},"end":{"line":0,"column":0},"skip":true},"2":{"start":{"line":1,"column":0},"end":{"line":null,"column":null}},"3":{"start":{"line":0,"column":0},"end":{"line":0,"column":0},"skip":true},"4":{"start":{"line":2,"column":0},"end":{"line":null,"column":null}},"5":{"start":{"line":0,"column":0},"end":{"line":0,"column":0},"skip":true},"6":{"start":{"line":3,"column":0},"end":{"line":null,"column":null}},"7":{"start":{"line":0,"column":0},"end":{"line":0,"column":0},"skip":true},"8":{"start":{"line":4,"column":0},"end":{"line":null,"column":null}},"9":{"start":{"line":0,"column":0},"end":{"line":0,"column":0},"skip":true},"10":{"start":{"line":0,"column":0},"end":{"line":0,"column":0},"skip":true},"11":{"start":{"line":0,"column":0},"end":{"line":0,"column":0},"skip":true},"12":{"start":{"line":6,"column":0},"end":{"line":null,"column":null}},"13":{"start":{"line":8,"column":0},"end":{"line":null,"column":null}},"14":{"start":{"line":11,"column":0},"end":{"line":null,"column":null}},"15":{"start":{"line":14,"column":15},"end":{"line":null,"column":null}}},"branchMap":{"1":{"line":0,"type":"cond-expr","locations":[{"start":{"line":0,"column":0},"end":{"line":0,"column":0},"skip":true},{"start":{"line":0,"column":0},"end":{"line":0,"column":0},"skip":true}]},"2":{"line":0,"type":"binary-expr","locations":[{"start":{"line":0,"column":0},"end":{"line":0,"column":0},"skip":true},{"start":{"line":0,"column":0},"end":{"line":0,"column":0},"skip":true}]}}}}