{"/Users/andela/Documents/documentos/server/models/index.js":{"path":"/Users/andela/Documents/documentos/server/models/index.js","s":{"1":1,"2":1,"3":1,"4":1,"5":1,"6":1,"7":1,"8":5,"9":4,"10":4,"11":1,"12":4,"13":3,"14":1,"15":1,"16":1},"b":{"1":[5,5],"2":[3,1]},"f":{},"fnMap":{},"statementMap":{"1":{"start":{"line":1,"column":0},"end":{"line":1,"column":25}},"2":{"start":{"line":2,"column":0},"end":{"line":2,"column":29}},"3":{"start":{"line":3,"column":0},"end":{"line":3,"column":39}},"4":{"start":{"line":4,"column":0},"end":{"line":4,"column":45}},"5":{"start":{"line":7,"column":0},"end":{"line":9,"column":3}},"6":{"start":{"line":11,"column":0},"end":{"line":11,"column":14}},"7":{"start":{"line":13,"column":0},"end":{"line":19,"column":5}},"8":{"start":{"line":15,"column":18},"end":{"line":15,"column":68}},"9":{"start":{"line":17,"column":4},"end":{"line":17,"column":63}},"10":{"start":{"line":18,"column":4},"end":{"line":18,"column":27}},"11":{"start":{"line":21,"column":0},"end":{"line":25,"column":3}},"12":{"start":{"line":22,"column":2},"end":{"line":24,"column":3}},"13":{"start":{"line":23,"column":4},"end":{"line":23,"column":32}},"14":{"start":{"line":27,"column":0},"end":{"line":27,"column":25}},"15":{"start":{"line":28,"column":0},"end":{"line":28,"column":25}},"16":{"start":{"line":30,"column":0},"end":{"line":30,"column":20}}},"branchMap":{"1":{"line":15,"type":"binary-expr","locations":[{"start":{"line":15,"column":19},"end":{"line":15,"column":42}},{"start":{"line":15,"column":48},"end":{"line":15,"column":67}}]},"2":{"line":22,"type":"if","locations":[{"start":{"line":22,"column":2},"end":{"line":22,"column":2}},{"start":{"line":22,"column":2},"end":{"line":22,"column":2}}]}}},"/Users/andela/Documents/documentos/server/config/config.js":{"path":"/Users/andela/Documents/documentos/server/config/config.js","s":{"1":1,"2":1,"3":1},"b":{"1":[1,0]},"f":{},"fnMap":{},"statementMap":{"1":{"start":{"line":1,"column":0},"end":{"line":1,"column":27}},"2":{"start":{"line":3,"column":0},"end":{"line":25,"column":2}},"3":{"start":{"line":27,"column":0},"end":{"line":27,"column":61}}},"branchMap":{"1":{"line":27,"type":"binary-expr","locations":[{"start":{"line":27,"column":22},"end":{"line":27,"column":42}},{"start":{"line":27,"column":46},"end":{"line":27,"column":59}}]}}},"/Users/andela/Documents/documentos/server/models/documents.models.js":{"path":"/Users/andela/Documents/documentos/server/models/documents.models.js","s":{"1":1,"2":1,"3":0,"4":1},"b":{},"f":{},"fnMap":{},"statementMap":{"1":{"start":{"line":1,"column":0},"end":{"line":28,"column":2}},"2":{"start":{"line":2,"column":2},"end":{"line":26,"column":5}},"3":{"start":{"line":19,"column":8},"end":{"line":23,"column":11}},"4":{"start":{"line":27,"column":2},"end":{"line":27,"column":18}}},"branchMap":{}},"/Users/andela/Documents/documentos/server/models/priviledge.models.js":{"path":"/Users/andela/Documents/documentos/server/models/priviledge.models.js","s":{"1":1,"2":1,"3":1,"4":1},"b":{},"f":{"1":1},"fnMap":{"1":{"name":"(anonymous_1)","line":3,"loc":{"start":{"line":3,"column":17},"end":{"line":3,"column":48}}}},"statementMap":{"1":{"start":{"line":3,"column":0},"end":{"line":21,"column":2}},"2":{"start":{"line":4,"column":2},"end":{"line":19,"column":5}},"3":{"start":{"line":14,"column":8},"end":{"line":16,"column":11}},"4":{"start":{"line":20,"column":2},"end":{"line":20,"column":20}}},"branchMap":{}},"/Users/andela/Documents/documentos/server/models/roles.models.js":{"path":"/Users/andela/Documents/documentos/server/models/roles.models.js","s":{"1":1,"2":1,"3":1,"4":1},"b":{},"f":{},"fnMap":{},"statementMap":{"1":{"start":{"line":1,"column":0},"end":{"line":19,"column":2}},"2":{"start":{"line":2,"column":2},"end":{"line":17,"column":5}},"3":{"start":{"line":11,"column":8},"end":{"line":14,"column":11}},"4":{"start":{"line":18,"column":2},"end":{"line":18,"column":14}}},"branchMap":{}},"/Users/andela/Documents/documentos/server/models/users.models.js":{"path":"/Users/andela/Documents/documentos/server/models/users.models.js","s":{"1":1,"2":1,"3":1,"4":1,"5":1,"6":1,"7":1,"8":11,"9":3,"10":1},"b":{},"f":{"1":1},"fnMap":{"1":{"name":"(anonymous_1)","line":51,"loc":{"start":{"line":51,"column":20},"end":{"line":51,"column":31}}}},"statementMap":{"1":{"start":{"line":1,"column":0},"end":{"line":1,"column":40}},"2":{"start":{"line":3,"column":0},"end":{"line":66,"column":2}},"3":{"start":{"line":4,"column":2},"end":{"line":64,"column":5}},"4":{"start":{"line":35,"column":8},"end":{"line":38,"column":11}},"5":{"start":{"line":39,"column":8},"end":{"line":41,"column":11}},"6":{"start":{"line":52,"column":8},"end":{"line":52,"column":47}},"7":{"start":{"line":53,"column":8},"end":{"line":53,"column":59}},"8":{"start":{"line":58,"column":8},"end":{"line":58,"column":79}},"9":{"start":{"line":61,"column":8},"end":{"line":61,"column":79}},"10":{"start":{"line":65,"column":2},"end":{"line":65,"column":14}}},"branchMap":{}}}