TN:
SF:/Users/andela/Documents/documentos/server/models/index.js
FN:15,(anonymous_1)
FN:16,(anonymous_2)
FN:21,(anonymous_3)
FNF:3
FNH:3
FNDA:5,(anonymous_1)
FNDA:4,(anonymous_2)
FNDA:4,(anonymous_3)
DA:1,1
DA:2,1
DA:3,1
DA:4,1
DA:7,1
DA:11,1
DA:13,1
DA:15,5
DA:17,4
DA:18,4
DA:21,1
DA:22,4
DA:23,3
DA:27,1
DA:28,1
DA:30,1
LF:16
LH:16
BRDA:15,1,0,5
BRDA:15,1,1,5
BRDA:22,2,0,3
BRDA:22,2,1,1
BRF:4
BRH:4
end_of_record
TN:
SF:/Users/andela/Documents/documentos/server/config/config.js
FNF:0
FNH:0
DA:1,1
DA:3,1
DA:27,1
LF:3
LH:3
BRDA:27,1,0,1
BRDA:27,1,1,1
BRF:2
BRH:2
end_of_record
TN:
SF:/Users/andela/Documents/documentos/server/models/documents.models.js
FN:1,(anonymous_1)
FN:18,associate
FNF:2
FNH:1
FNDA:1,(anonymous_1)
FNDA:0,associate
DA:1,1
DA:2,1
DA:19,0
DA:27,1
LF:4
LH:3
BRF:0
BRH:0
end_of_record
TN:
SF:/Users/andela/Documents/documentos/server/models/priviledge.models.js
FN:3,(anonymous_1)
FN:12,associate
FNF:2
FNH:2
FNDA:1,(anonymous_1)
FNDA:1,associate
DA:3,1
DA:4,1
DA:14,1
DA:20,1
LF:4
LH:4
BRF:0
BRH:0
end_of_record
TN:
SF:/Users/andela/Documents/documentos/server/models/roles.models.js
FN:1,(anonymous_1)
FN:10,associate
FNF:2
FNH:2
FNDA:1,(anonymous_1)
FNDA:1,associate
DA:1,1
DA:2,1
DA:11,1
DA:18,1
LF:4
LH:4
BRF:0
BRH:0
end_of_record
TN:
SF:/Users/andela/Documents/documentos/server/models/users.models.js
FN:5,(anonymous_1)
FN:29,associate
FN:40,beforeCreate
FN:43,beforeUpdate
FNF:4
FNH:4
FNDA:1,(anonymous_1)
FNDA:1,associate
FNDA:11,beforeCreate
FNDA:2,beforeUpdate
DA:3,1
DA:5,1
DA:6,1
DA:30,1
DA:34,1
DA:41,11
DA:44,2
DA:48,1
LF:8
LH:8
BRF:0
BRH:0
end_of_record
TN:
SF:/Users/andela/Documents/documentos/server.js
FN:39,(anonymous_2)
FN:43,(anonymous_3)
FNF:2
FNH:0
FNDA:0,(anonymous_2)
FNDA:0,(anonymous_3)
DA:1,1
DA:2,1
DA:3,1
DA:4,1
DA:5,1
DA:6,1
DA:7,1
DA:8,1
DA:9,1
DA:10,1
DA:11,1
DA:15,1
DA:17,1
DA:18,1
DA:19,1
DA:20,1
DA:21,1
DA:23,1
DA:28,1
DA:30,1
DA:31,1
DA:32,1
DA:33,1
DA:39,1
DA:40,0
DA:43,1
DA:44,0
DA:45,0
DA:47,0
DA:48,0
DA:52,1
LF:31
LH:26
BRDA:18,3,0,1
BRDA:18,3,1,1
BRDA:44,4,0,0
BRDA:44,4,1,0
BRF:4
BRH:2
end_of_record
TN:
SF:/Users/andela/Documents/documentos/webpack.config.dev.js
FNF:0
FNH:0
DA:1,1
DA:2,1
DA:4,1
LF:3
LH:3
BRF:0
BRH:0
end_of_record
TN:
SF:/Users/andela/Documents/documentos/server/routes/index.js
FN:4,(anonymous_1)
FNF:1
FNH:0
FNDA:0,(anonymous_1)
DA:1,1
DA:3,1
DA:5,0
DA:11,1
LF:4
LH:3
BRF:0
BRH:0
end_of_record
TN:
SF:/Users/andela/Documents/documentos/server/routes/users.routes.js
FN:14,(anonymous_2)
FNF:1
FNH:0
FNDA:0,(anonymous_2)
DA:1,1
DA:2,1
DA:3,1
DA:4,1
DA:6,1
DA:8,1
DA:13,1
DA:15,0
DA:18,1
DA:23,1
DA:26,1
DA:29,1
DA:32,1
DA:35,1
LF:14
LH:13
BRF:0
BRH:0
end_of_record
TN:
SF:/Users/andela/Documents/documentos/server/controllers/users.controllers.js
FN:19,getAllUsers
FN:20,(anonymous_9)
FN:33,createAdmin
FN:43,(anonymous_11)
FN:54,(anonymous_12)
FN:62,(anonymous_13)
FN:74,createUser
FN:85,(anonymous_15)
FN:96,(anonymous_16)
FN:105,(anonymous_17)
FN:117,signIn
FN:121,(anonymous_19)
FN:151,getUserById
FN:153,(anonymous_21)
FN:161,(anonymous_22)
FN:172,updateUser
FN:176,(anonymous_24)
FN:190,(anonymous_25)
FN:203,updateUserRole
FN:210,(anonymous_27)
FN:218,(anonymous_28)
FN:231,(anonymous_29)
FN:244,deleteUser
FN:252,(anonymous_31)
FN:271,searchForUser
FN:289,(anonymous_33)
FN:291,(anonymous_34)
FN:302,verifyPassword
FNF:28
FNH:21
FNDA:1,getAllUsers
FNDA:1,(anonymous_9)
FNDA:1,createAdmin
FNDA:1,(anonymous_11)
FNDA:1,(anonymous_12)
FNDA:0,(anonymous_13)
FNDA:13,createUser
FNDA:12,(anonymous_15)
FNDA:10,(anonymous_16)
FNDA:1,(anonymous_17)
FNDA:10,signIn
FNDA:10,(anonymous_19)
FNDA:2,getUserById
FNDA:2,(anonymous_21)
FNDA:0,(anonymous_22)
FNDA:2,updateUser
FNDA:2,(anonymous_24)
FNDA:0,(anonymous_25)
FNDA:1,updateUserRole
FNDA:1,(anonymous_27)
FNDA:1,(anonymous_28)
FNDA:0,(anonymous_29)
FNDA:1,deleteUser
FNDA:1,(anonymous_31)
FNDA:0,searchForUser
FNDA:0,(anonymous_33)
FNDA:0,(anonymous_34)
FNDA:7,verifyPassword
DA:1,1
DA:2,1
DA:3,1
DA:4,1
DA:6,1
DA:11,1
DA:20,1
DA:35,1
DA:36,0
DA:40,1
DA:48,1
DA:49,0
DA:53,1
DA:55,1
DA:59,1
DA:62,0
DA:76,13
DA:77,1
DA:82,12
DA:90,12
DA:91,1
DA:95,11
DA:97,10
DA:102,10
DA:105,1
DA:118,10
DA:126,10
DA:127,3
DA:129,7
DA:130,1
DA:134,6
DA:139,6
DA:152,2
DA:155,2
DA:156,0
DA:159,2
DA:161,0
DA:175,2
DA:178,2
DA:179,0
DA:182,2
DA:190,0
DA:204,1
DA:205,0
DA:209,1
DA:212,1
DA:213,0
DA:217,1
DA:219,1
DA:220,0
DA:222,1
DA:223,1
DA:226,0
DA:231,0
DA:246,1
DA:247,0
DA:251,1
DA:254,1
DA:255,0
DA:258,1
DA:272,0
DA:289,0
DA:291,0
DA:303,7
DA:304,0
DA:306,7
DA:310,1
LF:67
LH:49
BRDA:6,8,0,1
BRDA:6,8,1,1
BRDA:35,9,0,0
BRDA:35,9,1,1
BRDA:48,10,0,0
BRDA:48,10,1,1
BRDA:76,11,0,1
BRDA:76,11,1,12
BRDA:90,12,0,1
BRDA:90,12,1,11
BRDA:126,13,0,3
BRDA:126,13,1,7
BRDA:129,14,0,1
BRDA:129,14,1,6
BRDA:155,15,0,0
BRDA:155,15,1,2
BRDA:178,16,0,0
BRDA:178,16,1,2
BRDA:184,17,0,2
BRDA:184,17,1,0
BRDA:185,18,0,2
BRDA:185,18,1,2
BRDA:186,19,0,2
BRDA:186,19,1,2
BRDA:187,20,0,2
BRDA:187,20,1,2
BRDA:204,21,0,0
BRDA:204,21,1,1
BRDA:212,22,0,0
BRDA:212,22,1,1
BRDA:219,23,0,0
BRDA:219,23,1,1
BRDA:222,24,0,1
BRDA:222,24,1,0
BRDA:246,25,0,0
BRDA:246,25,1,1
BRDA:254,26,0,0
BRDA:254,26,1,1
BRDA:303,27,0,0
BRDA:303,27,1,7
BRDA:303,28,0,7
BRDA:303,28,1,7
BRF:42
BRH:30
end_of_record
TN:
SF:/Users/andela/Documents/documentos/server/helpers/helpers.js
FN:16,checkRoleId
FN:28,ensureNoRole
FN:40,isSuperAdmin
FN:54,getRoleIdFromUserId
FN:56,(anonymous_12)
FNF:5
FNH:3
FNDA:1,checkRoleId
FNDA:13,ensureNoRole
FNDA:2,isSuperAdmin
FNDA:0,getRoleIdFromUserId
FNDA:0,(anonymous_12)
DA:1,1
DA:6,1
DA:17,1
DA:29,13
DA:44,2
DA:55,0
DA:59,0
DA:64,1
LF:8
LH:6
BRDA:44,8,0,1
BRDA:44,8,1,1
BRF:2
BRH:2
end_of_record
TN:
SF:/Users/andela/Documents/documentos/server/controllers/documents.controllers.js
FN:16,createDocument
FN:18,(anonymous_9)
FN:21,(anonymous_10)
FN:34,getDocuments
FN:38,(anonymous_12)
FN:40,(anonymous_13)
FN:49,(anonymous_14)
FN:52,(anonymous_15)
FN:64,getDocById
FN:66,(anonymous_17)
FN:78,(anonymous_18)
FN:89,updateDoc
FN:91,(anonymous_20)
FN:107,(anonymous_21)
FN:119,deleteDoc
FN:121,(anonymous_23)
FN:133,(anonymous_24)
FN:145,getDocForUser
FN:151,(anonymous_26)
FN:158,(anonymous_27)
FN:168,searchUserDoc
FN:183,(anonymous_29)
FN:185,(anonymous_30)
FN:197,searchDoc
FN:208,(anonymous_32)
FN:210,(anonymous_33)
FN:221,getRoleDocs
FN:226,returnResults
FN:234,(anonymous_36)
FN:235,(anonymous_37)
FN:237,(anonymous_38)
FNF:31
FNH:0
FNDA:0,createDocument
FNDA:0,(anonymous_9)
FNDA:0,(anonymous_10)
FNDA:0,getDocuments
FNDA:0,(anonymous_12)
FNDA:0,(anonymous_13)
FNDA:0,(anonymous_14)
FNDA:0,(anonymous_15)
FNDA:0,getDocById
FNDA:0,(anonymous_17)
FNDA:0,(anonymous_18)
FNDA:0,updateDoc
FNDA:0,(anonymous_20)
FNDA:0,(anonymous_21)
FNDA:0,deleteDoc
FNDA:0,(anonymous_23)
FNDA:0,(anonymous_24)
FNDA:0,getDocForUser
FNDA:0,(anonymous_26)
FNDA:0,(anonymous_27)
FNDA:0,searchUserDoc
FNDA:0,(anonymous_29)
FNDA:0,(anonymous_30)
FNDA:0,searchDoc
FNDA:0,(anonymous_32)
FNDA:0,(anonymous_33)
FNDA:0,getRoleDocs
FNDA:0,returnResults
FNDA:0,(anonymous_36)
FNDA:0,(anonymous_37)
FNDA:0,(anonymous_38)
DA:1,1
DA:8,1
DA:17,0
DA:18,0
DA:21,0
DA:35,0
DA:36,0
DA:38,0
DA:40,0
DA:44,0
DA:49,0
DA:52,0
DA:65,0
DA:68,0
DA:69,0
DA:71,0
DA:72,0
DA:75,0
DA:78,0
DA:90,0
DA:93,0
DA:94,0
DA:96,0
DA:97,0
DA:100,0
DA:107,0
DA:120,0
DA:123,0
DA:124,0
DA:126,0
DA:127,0
DA:130,0
DA:133,0
DA:146,0
DA:152,0
DA:153,0
DA:156,0
DA:158,0
DA:169,0
DA:183,0
DA:185,0
DA:198,0
DA:208,0
DA:210,0
DA:225,0
DA:226,0
DA:227,0
DA:229,0
DA:235,0
DA:236,0
DA:238,0
DA:239,0
DA:241,0
DA:243,0
DA:253,1
LF:55
LH:3
BRDA:35,8,0,0
BRDA:35,8,1,0
BRDA:68,9,0,0
BRDA:68,9,1,0
BRDA:71,10,0,0
BRDA:71,10,1,0
BRDA:71,11,0,0
BRDA:71,11,1,0
BRDA:93,12,0,0
BRDA:93,12,1,0
BRDA:96,13,0,0
BRDA:96,13,1,0
BRDA:96,14,0,0
BRDA:96,14,1,0
BRDA:102,15,0,0
BRDA:102,15,1,0
BRDA:103,16,0,0
BRDA:103,16,1,0
BRDA:123,17,0,0
BRDA:123,17,1,0
BRDA:126,18,0,0
BRDA:126,18,1,0
BRDA:126,19,0,0
BRDA:126,19,1,0
BRDA:152,20,0,0
BRDA:152,20,1,0
BRDA:238,21,0,0
BRDA:238,21,1,0
BRDA:238,22,0,0
BRDA:238,22,1,0
BRDA:243,23,0,0
BRDA:243,23,1,0
BRF:32
BRH:0
end_of_record
TN:
SF:/Users/andela/Documents/documentos/server/middleware/authentication.js
FN:18,decodeToken
FN:25,(anonymous_9)
FN:44,validateUser
FN:61,isSuperAdmin
FN:64,(anonymous_12)
FN:67,(anonymous_13)
FN:86,isAdmin
FN:89,(anonymous_15)
FN:92,(anonymous_16)
FNF:9
FNH:9
FNDA:21,decodeToken
FNDA:19,(anonymous_9)
FNDA:6,validateUser
FNDA:12,isSuperAdmin
FNDA:12,(anonymous_12)
FNDA:12,(anonymous_13)
FNDA:1,isAdmin
FNDA:1,(anonymous_15)
FNDA:1,(anonymous_16)
DA:1,1
DA:2,1
DA:4,1
DA:9,1
DA:19,21
DA:21,21
DA:22,2
DA:25,19
DA:26,19
DA:27,0
DA:30,19
DA:46,6
DA:47,2
DA:63,12
DA:66,12
DA:68,12
DA:71,3
DA:88,1
DA:91,1
DA:93,1
DA:96,0
DA:104,1
LF:22
LH:20
BRDA:4,8,0,1
BRDA:4,8,1,1
BRDA:19,9,0,21
BRDA:19,9,1,21
BRDA:19,9,2,21
BRDA:21,10,0,2
BRDA:21,10,1,19
BRDA:26,11,0,0
BRDA:26,11,1,19
BRDA:46,12,0,2
BRDA:46,12,1,4
BRDA:46,13,0,6
BRDA:46,13,1,4
BRDA:68,14,0,9
BRDA:68,14,1,3
BRDA:93,15,0,1
BRDA:93,15,1,0
BRDA:93,16,0,1
BRDA:93,16,1,1
BRF:19
BRH:17
end_of_record
TN:
SF:/Users/andela/Documents/documentos/server/routes/roles.routes.js
FNF:0
FNH:0
DA:1,1
DA:2,1
DA:4,1
DA:6,1
DA:10,1
DA:15,1
LF:6
LH:6
BRF:0
BRH:0
end_of_record
TN:
SF:/Users/andela/Documents/documentos/server/controllers/roles.controllers.js
FN:14,createRole
FN:18,(anonymous_9)
FN:29,(anonymous_10)
FN:32,(anonymous_11)
FN:43,getRoleById
FN:45,(anonymous_13)
FN:53,(anonymous_14)
FN:64,getRoles
FN:72,(anonymous_16)
FN:83,deleteRole
FN:90,(anonymous_18)
FN:109,updateRole
FN:122,(anonymous_20)
FN:129,(anonymous_21)
FN:140,(anonymous_22)
FNF:15
FNH:10
FNDA:2,createRole
FNDA:2,(anonymous_9)
FNDA:0,(anonymous_10)
FNDA:0,(anonymous_11)
FNDA:1,getRoleById
FNDA:1,(anonymous_13)
FNDA:0,(anonymous_14)
FNDA:1,getRoles
FNDA:1,(anonymous_16)
FNDA:1,deleteRole
FNDA:1,(anonymous_18)
FNDA:1,updateRole
FNDA:1,(anonymous_20)
FNDA:0,(anonymous_21)
FNDA:0,(anonymous_22)
DA:1,1
DA:6,1
DA:15,2
DA:23,2
DA:24,2
DA:28,0
DA:29,0
DA:32,0
DA:44,1
DA:47,1
DA:48,0
DA:51,1
DA:53,0
DA:65,1
DA:72,1
DA:85,1
DA:86,0
DA:89,1
DA:92,1
DA:93,1
DA:96,0
DA:112,1
DA:113,0
DA:118,1
DA:123,1
DA:124,1
DA:128,0
DA:131,0
DA:132,0
DA:135,0
DA:140,0
DA:147,1
LF:32
LH:19
BRDA:23,8,0,2
BRDA:23,8,1,0
BRDA:47,9,0,0
BRDA:47,9,1,1
BRDA:85,10,0,0
BRDA:85,10,1,1
BRDA:92,11,0,1
BRDA:92,11,1,0
BRDA:112,12,0,0
BRDA:112,12,1,1
BRDA:123,13,0,1
BRDA:123,13,1,0
BRDA:131,14,0,0
BRDA:131,14,1,0
BRF:14
BRH:6
end_of_record
TN:
SF:/Users/andela/Documents/documentos/server/routes/documents.routes.js
FN:27,(anonymous_2)
FNF:1
FNH:0
FNDA:0,(anonymous_2)
DA:1,1
DA:2,1
DA:3,1
DA:5,1
DA:8,1
DA:13,1
DA:16,1
DA:22,1
DA:26,1
DA:28,0
DA:32,1
DA:35,1
LF:12
LH:11
BRF:0
BRH:0
end_of_record
TN:
SF:/Users/andela/Documents/documentos/server/routes/search.routes.js
FNF:0
FNH:0
DA:1,1
DA:2,1
DA:3,1
DA:4,1
DA:6,1
DA:8,1
DA:11,1
DA:14,1
LF:8
LH:8
BRF:0
BRH:0
end_of_record
