TN:
SF:/Users/andela/Documents/documentos/server/models/index.js
FNF:0
FNH:0
DA:1,1
DA:2,1
DA:3,1
DA:4,1
DA:7,1
DA:11,1
DA:13,1
DA:15,5
DA:17,4
DA:18,4
DA:21,1
DA:22,4
DA:23,3
DA:27,1
DA:28,1
DA:30,1
LF:16
LH:16
BRDA:15,1,0,5
BRDA:15,1,1,5
BRDA:22,2,0,3
BRDA:22,2,1,1
BRF:4
BRH:4
end_of_record
TN:
SF:/Users/andela/Documents/documentos/server/config/config.js
FNF:0
FNH:0
DA:1,1
DA:3,1
DA:27,1
LF:3
LH:3
BRDA:27,1,0,1
BRDA:27,1,1,0
BRF:2
BRH:1
end_of_record
TN:
SF:/Users/andela/Documents/documentos/server/models/documents.models.js
FNF:0
FNH:0
DA:1,1
DA:2,1
DA:19,0
DA:27,1
LF:4
LH:3
BRF:0
BRH:0
end_of_record
TN:
SF:/Users/andela/Documents/documentos/server/models/priviledge.models.js
FN:3,(anonymous_1)
FNF:1
FNH:1
FNDA:1,(anonymous_1)
DA:3,1
DA:4,1
DA:14,1
DA:20,1
LF:4
LH:4
BRF:0
BRH:0
end_of_record
TN:
SF:/Users/andela/Documents/documentos/server/models/roles.models.js
FNF:0
FNH:0
DA:1,1
DA:2,1
DA:11,1
DA:18,1
LF:4
LH:4
BRF:0
BRH:0
end_of_record
TN:
SF:/Users/andela/Documents/documentos/server/models/users.models.js
FN:51,(anonymous_1)
FNF:1
FNH:1
FNDA:1,(anonymous_1)
DA:1,1
DA:3,1
DA:4,1
DA:35,1
DA:39,1
DA:52,1
DA:53,1
DA:58,11
DA:61,3
DA:65,1
LF:10
LH:10
BRF:0
BRH:0
end_of_record
